[2024-06-24T08:06:03.994+0000] {processor.py:161} INFO - Started process (PID=201) to work on /opt/airflow/dags/dag_sentiment_analysis.py
[2024-06-24T08:06:03.998+0000] {processor.py:830} INFO - Processing file /opt/airflow/dags/dag_sentiment_analysis.py for tasks to queue
[2024-06-24T08:06:04.013+0000] {logging_mixin.py:188} INFO - [2024-06-24T08:06:04.013+0000] {dagbag.py:540} INFO - Filling up the DagBag from /opt/airflow/dags/dag_sentiment_analysis.py
[2024-06-24T08:06:04.136+0000] {processor.py:840} INFO - DAG(s) 'dag_sentiment_analysis' retrieved from /opt/airflow/dags/dag_sentiment_analysis.py
[2024-06-24T08:06:05.001+0000] {logging_mixin.py:188} INFO - [2024-06-24T08:06:05.001+0000] {dag.py:3047} INFO - Sync 1 DAGs
[2024-06-24T08:06:05.131+0000] {logging_mixin.py:188} INFO - [2024-06-24T08:06:05.131+0000] {dag.py:3834} INFO - Setting next_dagrun for dag_sentiment_analysis to 2024-06-23 00:00:00+00:00, run_after=2024-06-24 00:00:00+00:00
[2024-06-24T08:06:05.351+0000] {processor.py:183} INFO - Processing /opt/airflow/dags/dag_sentiment_analysis.py took 1.370 seconds
[2024-06-24T08:06:35.512+0000] {processor.py:161} INFO - Started process (PID=206) to work on /opt/airflow/dags/dag_sentiment_analysis.py
[2024-06-24T08:06:35.515+0000] {processor.py:830} INFO - Processing file /opt/airflow/dags/dag_sentiment_analysis.py for tasks to queue
[2024-06-24T08:06:35.520+0000] {logging_mixin.py:188} INFO - [2024-06-24T08:06:35.518+0000] {dagbag.py:540} INFO - Filling up the DagBag from /opt/airflow/dags/dag_sentiment_analysis.py
[2024-06-24T08:06:35.594+0000] {processor.py:840} INFO - DAG(s) 'dag_sentiment_analysis' retrieved from /opt/airflow/dags/dag_sentiment_analysis.py
[2024-06-24T08:06:35.667+0000] {logging_mixin.py:188} INFO - [2024-06-24T08:06:35.667+0000] {dag.py:3047} INFO - Sync 1 DAGs
[2024-06-24T08:06:35.710+0000] {logging_mixin.py:188} INFO - [2024-06-24T08:06:35.709+0000] {dag.py:3834} INFO - Setting next_dagrun for dag_sentiment_analysis to 2024-06-23 00:00:00+00:00, run_after=2024-06-24 00:00:00+00:00
[2024-06-24T08:06:35.820+0000] {processor.py:183} INFO - Processing /opt/airflow/dags/dag_sentiment_analysis.py took 0.318 seconds
[2024-06-24T08:07:06.057+0000] {processor.py:161} INFO - Started process (PID=211) to work on /opt/airflow/dags/dag_sentiment_analysis.py
[2024-06-24T08:07:06.059+0000] {processor.py:830} INFO - Processing file /opt/airflow/dags/dag_sentiment_analysis.py for tasks to queue
[2024-06-24T08:07:06.061+0000] {logging_mixin.py:188} INFO - [2024-06-24T08:07:06.061+0000] {dagbag.py:540} INFO - Filling up the DagBag from /opt/airflow/dags/dag_sentiment_analysis.py
[2024-06-24T08:07:06.113+0000] {processor.py:840} INFO - DAG(s) 'dag_sentiment_analysis' retrieved from /opt/airflow/dags/dag_sentiment_analysis.py
[2024-06-24T08:07:06.165+0000] {logging_mixin.py:188} INFO - [2024-06-24T08:07:06.164+0000] {dag.py:3047} INFO - Sync 1 DAGs
[2024-06-24T08:07:06.205+0000] {logging_mixin.py:188} INFO - [2024-06-24T08:07:06.205+0000] {dag.py:3834} INFO - Setting next_dagrun for dag_sentiment_analysis to 2024-06-23 00:00:00+00:00, run_after=2024-06-24 00:00:00+00:00
[2024-06-24T08:07:06.316+0000] {processor.py:183} INFO - Processing /opt/airflow/dags/dag_sentiment_analysis.py took 0.266 seconds
[2024-06-24T08:07:36.433+0000] {processor.py:161} INFO - Started process (PID=216) to work on /opt/airflow/dags/dag_sentiment_analysis.py
[2024-06-24T08:07:36.435+0000] {processor.py:830} INFO - Processing file /opt/airflow/dags/dag_sentiment_analysis.py for tasks to queue
[2024-06-24T08:07:36.438+0000] {logging_mixin.py:188} INFO - [2024-06-24T08:07:36.437+0000] {dagbag.py:540} INFO - Filling up the DagBag from /opt/airflow/dags/dag_sentiment_analysis.py
[2024-06-24T08:07:36.520+0000] {processor.py:840} INFO - DAG(s) 'dag_sentiment_analysis' retrieved from /opt/airflow/dags/dag_sentiment_analysis.py
[2024-06-24T08:07:36.594+0000] {logging_mixin.py:188} INFO - [2024-06-24T08:07:36.594+0000] {dag.py:3047} INFO - Sync 1 DAGs
[2024-06-24T08:07:36.657+0000] {logging_mixin.py:188} INFO - [2024-06-24T08:07:36.657+0000] {dag.py:3834} INFO - Setting next_dagrun for dag_sentiment_analysis to 2024-06-23 00:00:00+00:00, run_after=2024-06-24 00:00:00+00:00
[2024-06-24T08:07:36.719+0000] {processor.py:183} INFO - Processing /opt/airflow/dags/dag_sentiment_analysis.py took 0.293 seconds
[2024-06-24T08:08:07.020+0000] {processor.py:161} INFO - Started process (PID=221) to work on /opt/airflow/dags/dag_sentiment_analysis.py
[2024-06-24T08:08:07.023+0000] {processor.py:830} INFO - Processing file /opt/airflow/dags/dag_sentiment_analysis.py for tasks to queue
[2024-06-24T08:08:07.038+0000] {logging_mixin.py:188} INFO - [2024-06-24T08:08:07.030+0000] {dagbag.py:540} INFO - Filling up the DagBag from /opt/airflow/dags/dag_sentiment_analysis.py
[2024-06-24T08:08:07.118+0000] {processor.py:840} INFO - DAG(s) 'dag_sentiment_analysis' retrieved from /opt/airflow/dags/dag_sentiment_analysis.py
[2024-06-24T08:08:07.193+0000] {logging_mixin.py:188} INFO - [2024-06-24T08:08:07.189+0000] {dag.py:3047} INFO - Sync 1 DAGs
[2024-06-24T08:08:07.413+0000] {logging_mixin.py:188} INFO - [2024-06-24T08:08:07.413+0000] {dag.py:3834} INFO - Setting next_dagrun for dag_sentiment_analysis to 2024-06-23 00:00:00+00:00, run_after=2024-06-24 00:00:00+00:00
[2024-06-24T08:08:07.489+0000] {processor.py:183} INFO - Processing /opt/airflow/dags/dag_sentiment_analysis.py took 0.478 seconds
[2024-06-24T08:08:38.105+0000] {processor.py:161} INFO - Started process (PID=226) to work on /opt/airflow/dags/dag_sentiment_analysis.py
[2024-06-24T08:08:38.113+0000] {processor.py:830} INFO - Processing file /opt/airflow/dags/dag_sentiment_analysis.py for tasks to queue
[2024-06-24T08:08:38.119+0000] {logging_mixin.py:188} INFO - [2024-06-24T08:08:38.118+0000] {dagbag.py:540} INFO - Filling up the DagBag from /opt/airflow/dags/dag_sentiment_analysis.py
[2024-06-24T08:08:38.195+0000] {processor.py:840} INFO - DAG(s) 'dag_sentiment_analysis' retrieved from /opt/airflow/dags/dag_sentiment_analysis.py
[2024-06-24T08:08:38.595+0000] {logging_mixin.py:188} INFO - [2024-06-24T08:08:38.594+0000] {dag.py:3047} INFO - Sync 1 DAGs
[2024-06-24T08:08:38.746+0000] {logging_mixin.py:188} INFO - [2024-06-24T08:08:38.745+0000] {dag.py:3834} INFO - Setting next_dagrun for dag_sentiment_analysis to 2024-06-23 00:00:00+00:00, run_after=2024-06-24 00:00:00+00:00
[2024-06-24T08:08:38.800+0000] {processor.py:183} INFO - Processing /opt/airflow/dags/dag_sentiment_analysis.py took 0.716 seconds
[2024-06-24T08:09:09.067+0000] {processor.py:161} INFO - Started process (PID=231) to work on /opt/airflow/dags/dag_sentiment_analysis.py
[2024-06-24T08:09:09.078+0000] {processor.py:830} INFO - Processing file /opt/airflow/dags/dag_sentiment_analysis.py for tasks to queue
[2024-06-24T08:09:09.082+0000] {logging_mixin.py:188} INFO - [2024-06-24T08:09:09.081+0000] {dagbag.py:540} INFO - Filling up the DagBag from /opt/airflow/dags/dag_sentiment_analysis.py
[2024-06-24T08:09:09.193+0000] {processor.py:840} INFO - DAG(s) 'dag_sentiment_analysis' retrieved from /opt/airflow/dags/dag_sentiment_analysis.py
[2024-06-24T08:09:09.408+0000] {logging_mixin.py:188} INFO - [2024-06-24T08:09:09.408+0000] {dag.py:3047} INFO - Sync 1 DAGs
[2024-06-24T08:09:09.553+0000] {logging_mixin.py:188} INFO - [2024-06-24T08:09:09.552+0000] {dag.py:3834} INFO - Setting next_dagrun for dag_sentiment_analysis to 2024-06-23 00:00:00+00:00, run_after=2024-06-24 00:00:00+00:00
[2024-06-24T08:09:09.654+0000] {processor.py:183} INFO - Processing /opt/airflow/dags/dag_sentiment_analysis.py took 0.612 seconds
[2024-06-24T08:09:40.038+0000] {processor.py:161} INFO - Started process (PID=236) to work on /opt/airflow/dags/dag_sentiment_analysis.py
[2024-06-24T08:09:40.051+0000] {processor.py:830} INFO - Processing file /opt/airflow/dags/dag_sentiment_analysis.py for tasks to queue
[2024-06-24T08:09:40.079+0000] {logging_mixin.py:188} INFO - [2024-06-24T08:09:40.064+0000] {dagbag.py:540} INFO - Filling up the DagBag from /opt/airflow/dags/dag_sentiment_analysis.py
[2024-06-24T08:09:40.367+0000] {processor.py:840} INFO - DAG(s) 'dag_sentiment_analysis' retrieved from /opt/airflow/dags/dag_sentiment_analysis.py
[2024-06-24T08:09:40.566+0000] {logging_mixin.py:188} INFO - [2024-06-24T08:09:40.565+0000] {dag.py:3047} INFO - Sync 1 DAGs
[2024-06-24T08:09:40.783+0000] {logging_mixin.py:188} INFO - [2024-06-24T08:09:40.783+0000] {dag.py:3834} INFO - Setting next_dagrun for dag_sentiment_analysis to 2024-06-23 00:00:00+00:00, run_after=2024-06-24 00:00:00+00:00
[2024-06-24T08:09:40.895+0000] {processor.py:183} INFO - Processing /opt/airflow/dags/dag_sentiment_analysis.py took 0.919 seconds
[2024-06-24T08:10:11.869+0000] {processor.py:161} INFO - Started process (PID=241) to work on /opt/airflow/dags/dag_sentiment_analysis.py
[2024-06-24T08:10:11.873+0000] {processor.py:830} INFO - Processing file /opt/airflow/dags/dag_sentiment_analysis.py for tasks to queue
[2024-06-24T08:10:11.876+0000] {logging_mixin.py:188} INFO - [2024-06-24T08:10:11.875+0000] {dagbag.py:540} INFO - Filling up the DagBag from /opt/airflow/dags/dag_sentiment_analysis.py
[2024-06-24T08:10:11.944+0000] {processor.py:840} INFO - DAG(s) 'dag_sentiment_analysis' retrieved from /opt/airflow/dags/dag_sentiment_analysis.py
[2024-06-24T08:10:12.032+0000] {logging_mixin.py:188} INFO - [2024-06-24T08:10:12.031+0000] {dag.py:3047} INFO - Sync 1 DAGs
[2024-06-24T08:10:12.088+0000] {logging_mixin.py:188} INFO - [2024-06-24T08:10:12.087+0000] {dag.py:3834} INFO - Setting next_dagrun for dag_sentiment_analysis to 2024-06-23 00:00:00+00:00, run_after=2024-06-24 00:00:00+00:00
[2024-06-24T08:10:12.150+0000] {processor.py:183} INFO - Processing /opt/airflow/dags/dag_sentiment_analysis.py took 0.317 seconds
[2024-06-24T08:10:42.706+0000] {processor.py:161} INFO - Started process (PID=246) to work on /opt/airflow/dags/dag_sentiment_analysis.py
[2024-06-24T08:10:42.709+0000] {processor.py:830} INFO - Processing file /opt/airflow/dags/dag_sentiment_analysis.py for tasks to queue
[2024-06-24T08:10:42.713+0000] {logging_mixin.py:188} INFO - [2024-06-24T08:10:42.712+0000] {dagbag.py:540} INFO - Filling up the DagBag from /opt/airflow/dags/dag_sentiment_analysis.py
[2024-06-24T08:10:42.821+0000] {processor.py:840} INFO - DAG(s) 'dag_sentiment_analysis' retrieved from /opt/airflow/dags/dag_sentiment_analysis.py
[2024-06-24T08:10:42.917+0000] {logging_mixin.py:188} INFO - [2024-06-24T08:10:42.916+0000] {dag.py:3047} INFO - Sync 1 DAGs
[2024-06-24T08:10:43.021+0000] {logging_mixin.py:188} INFO - [2024-06-24T08:10:43.021+0000] {dag.py:3834} INFO - Setting next_dagrun for dag_sentiment_analysis to 2024-06-23 00:00:00+00:00, run_after=2024-06-24 00:00:00+00:00
[2024-06-24T08:10:43.090+0000] {processor.py:183} INFO - Processing /opt/airflow/dags/dag_sentiment_analysis.py took 0.392 seconds
[2024-06-24T08:11:13.915+0000] {processor.py:161} INFO - Started process (PID=251) to work on /opt/airflow/dags/dag_sentiment_analysis.py
[2024-06-24T08:11:13.918+0000] {processor.py:830} INFO - Processing file /opt/airflow/dags/dag_sentiment_analysis.py for tasks to queue
[2024-06-24T08:11:13.922+0000] {logging_mixin.py:188} INFO - [2024-06-24T08:11:13.921+0000] {dagbag.py:540} INFO - Filling up the DagBag from /opt/airflow/dags/dag_sentiment_analysis.py
[2024-06-24T08:11:14.001+0000] {processor.py:840} INFO - DAG(s) 'dag_sentiment_analysis' retrieved from /opt/airflow/dags/dag_sentiment_analysis.py
[2024-06-24T08:11:14.105+0000] {logging_mixin.py:188} INFO - [2024-06-24T08:11:14.104+0000] {dag.py:3047} INFO - Sync 1 DAGs
[2024-06-24T08:11:14.205+0000] {logging_mixin.py:188} INFO - [2024-06-24T08:11:14.205+0000] {dag.py:3834} INFO - Setting next_dagrun for dag_sentiment_analysis to 2024-06-23 00:00:00+00:00, run_after=2024-06-24 00:00:00+00:00
[2024-06-24T08:11:14.293+0000] {processor.py:183} INFO - Processing /opt/airflow/dags/dag_sentiment_analysis.py took 0.432 seconds
[2024-06-24T08:11:44.389+0000] {processor.py:161} INFO - Started process (PID=256) to work on /opt/airflow/dags/dag_sentiment_analysis.py
[2024-06-24T08:11:44.393+0000] {processor.py:830} INFO - Processing file /opt/airflow/dags/dag_sentiment_analysis.py for tasks to queue
[2024-06-24T08:11:44.397+0000] {logging_mixin.py:188} INFO - [2024-06-24T08:11:44.396+0000] {dagbag.py:540} INFO - Filling up the DagBag from /opt/airflow/dags/dag_sentiment_analysis.py
[2024-06-24T08:11:44.467+0000] {processor.py:840} INFO - DAG(s) 'dag_sentiment_analysis' retrieved from /opt/airflow/dags/dag_sentiment_analysis.py
[2024-06-24T08:11:44.519+0000] {logging_mixin.py:188} INFO - [2024-06-24T08:11:44.519+0000] {dag.py:3047} INFO - Sync 1 DAGs
[2024-06-24T08:11:44.578+0000] {logging_mixin.py:188} INFO - [2024-06-24T08:11:44.577+0000] {dag.py:3834} INFO - Setting next_dagrun for dag_sentiment_analysis to 2024-06-23 00:00:00+00:00, run_after=2024-06-24 00:00:00+00:00
[2024-06-24T08:11:44.679+0000] {processor.py:183} INFO - Processing /opt/airflow/dags/dag_sentiment_analysis.py took 0.300 seconds
[2024-06-24T08:12:15.460+0000] {processor.py:161} INFO - Started process (PID=261) to work on /opt/airflow/dags/dag_sentiment_analysis.py
[2024-06-24T08:12:15.462+0000] {processor.py:830} INFO - Processing file /opt/airflow/dags/dag_sentiment_analysis.py for tasks to queue
[2024-06-24T08:12:15.464+0000] {logging_mixin.py:188} INFO - [2024-06-24T08:12:15.464+0000] {dagbag.py:540} INFO - Filling up the DagBag from /opt/airflow/dags/dag_sentiment_analysis.py
[2024-06-24T08:12:15.542+0000] {processor.py:840} INFO - DAG(s) 'dag_sentiment_analysis' retrieved from /opt/airflow/dags/dag_sentiment_analysis.py
[2024-06-24T08:12:15.654+0000] {logging_mixin.py:188} INFO - [2024-06-24T08:12:15.653+0000] {dag.py:3047} INFO - Sync 1 DAGs
[2024-06-24T08:12:16.185+0000] {logging_mixin.py:188} INFO - [2024-06-24T08:12:16.184+0000] {dag.py:3834} INFO - Setting next_dagrun for dag_sentiment_analysis to 2024-06-23 00:00:00+00:00, run_after=2024-06-24 00:00:00+00:00
[2024-06-24T08:12:16.373+0000] {processor.py:183} INFO - Processing /opt/airflow/dags/dag_sentiment_analysis.py took 0.919 seconds
[2024-06-24T08:12:46.737+0000] {processor.py:161} INFO - Started process (PID=266) to work on /opt/airflow/dags/dag_sentiment_analysis.py
[2024-06-24T08:12:46.740+0000] {processor.py:830} INFO - Processing file /opt/airflow/dags/dag_sentiment_analysis.py for tasks to queue
[2024-06-24T08:12:46.743+0000] {logging_mixin.py:188} INFO - [2024-06-24T08:12:46.742+0000] {dagbag.py:540} INFO - Filling up the DagBag from /opt/airflow/dags/dag_sentiment_analysis.py
[2024-06-24T08:12:46.825+0000] {processor.py:840} INFO - DAG(s) 'dag_sentiment_analysis' retrieved from /opt/airflow/dags/dag_sentiment_analysis.py
[2024-06-24T08:12:46.906+0000] {logging_mixin.py:188} INFO - [2024-06-24T08:12:46.905+0000] {dag.py:3047} INFO - Sync 1 DAGs
[2024-06-24T08:12:47.024+0000] {logging_mixin.py:188} INFO - [2024-06-24T08:12:47.023+0000] {dag.py:3834} INFO - Setting next_dagrun for dag_sentiment_analysis to 2024-06-23 00:00:00+00:00, run_after=2024-06-24 00:00:00+00:00
[2024-06-24T08:12:47.102+0000] {processor.py:183} INFO - Processing /opt/airflow/dags/dag_sentiment_analysis.py took 0.379 seconds
[2024-06-24T08:13:17.636+0000] {processor.py:161} INFO - Started process (PID=271) to work on /opt/airflow/dags/dag_sentiment_analysis.py
[2024-06-24T08:13:17.638+0000] {processor.py:830} INFO - Processing file /opt/airflow/dags/dag_sentiment_analysis.py for tasks to queue
[2024-06-24T08:13:17.641+0000] {logging_mixin.py:188} INFO - [2024-06-24T08:13:17.640+0000] {dagbag.py:540} INFO - Filling up the DagBag from /opt/airflow/dags/dag_sentiment_analysis.py
[2024-06-24T08:13:17.692+0000] {processor.py:840} INFO - DAG(s) 'dag_sentiment_analysis' retrieved from /opt/airflow/dags/dag_sentiment_analysis.py
[2024-06-24T08:13:17.767+0000] {logging_mixin.py:188} INFO - [2024-06-24T08:13:17.766+0000] {dag.py:3047} INFO - Sync 1 DAGs
[2024-06-24T08:13:17.865+0000] {logging_mixin.py:188} INFO - [2024-06-24T08:13:17.864+0000] {dag.py:3834} INFO - Setting next_dagrun for dag_sentiment_analysis to 2024-06-23 00:00:00+00:00, run_after=2024-06-24 00:00:00+00:00
[2024-06-24T08:13:17.918+0000] {processor.py:183} INFO - Processing /opt/airflow/dags/dag_sentiment_analysis.py took 0.288 seconds
[2024-06-24T08:13:48.833+0000] {processor.py:161} INFO - Started process (PID=276) to work on /opt/airflow/dags/dag_sentiment_analysis.py
[2024-06-24T08:13:48.908+0000] {processor.py:830} INFO - Processing file /opt/airflow/dags/dag_sentiment_analysis.py for tasks to queue
[2024-06-24T08:13:48.921+0000] {logging_mixin.py:188} INFO - [2024-06-24T08:13:48.915+0000] {dagbag.py:540} INFO - Filling up the DagBag from /opt/airflow/dags/dag_sentiment_analysis.py
[2024-06-24T08:13:49.150+0000] {processor.py:840} INFO - DAG(s) 'dag_sentiment_analysis' retrieved from /opt/airflow/dags/dag_sentiment_analysis.py
[2024-06-24T08:13:49.331+0000] {logging_mixin.py:188} INFO - [2024-06-24T08:13:49.330+0000] {dag.py:3047} INFO - Sync 1 DAGs
[2024-06-24T08:13:49.443+0000] {logging_mixin.py:188} INFO - [2024-06-24T08:13:49.443+0000] {dag.py:3834} INFO - Setting next_dagrun for dag_sentiment_analysis to 2024-06-23 00:00:00+00:00, run_after=2024-06-24 00:00:00+00:00
[2024-06-24T08:13:49.582+0000] {processor.py:183} INFO - Processing /opt/airflow/dags/dag_sentiment_analysis.py took 0.924 seconds
[2024-06-24T08:14:20.295+0000] {processor.py:161} INFO - Started process (PID=281) to work on /opt/airflow/dags/dag_sentiment_analysis.py
[2024-06-24T08:14:20.298+0000] {processor.py:830} INFO - Processing file /opt/airflow/dags/dag_sentiment_analysis.py for tasks to queue
[2024-06-24T08:14:20.303+0000] {logging_mixin.py:188} INFO - [2024-06-24T08:14:20.302+0000] {dagbag.py:540} INFO - Filling up the DagBag from /opt/airflow/dags/dag_sentiment_analysis.py
[2024-06-24T08:14:20.426+0000] {processor.py:840} INFO - DAG(s) 'dag_sentiment_analysis' retrieved from /opt/airflow/dags/dag_sentiment_analysis.py
[2024-06-24T08:14:20.655+0000] {logging_mixin.py:188} INFO - [2024-06-24T08:14:20.654+0000] {dag.py:3047} INFO - Sync 1 DAGs
[2024-06-24T08:14:20.789+0000] {logging_mixin.py:188} INFO - [2024-06-24T08:14:20.789+0000] {dag.py:3834} INFO - Setting next_dagrun for dag_sentiment_analysis to 2024-06-23 00:00:00+00:00, run_after=2024-06-24 00:00:00+00:00
[2024-06-24T08:14:20.859+0000] {processor.py:183} INFO - Processing /opt/airflow/dags/dag_sentiment_analysis.py took 0.573 seconds
[2024-06-24T08:14:51.423+0000] {processor.py:161} INFO - Started process (PID=286) to work on /opt/airflow/dags/dag_sentiment_analysis.py
[2024-06-24T08:14:51.428+0000] {processor.py:830} INFO - Processing file /opt/airflow/dags/dag_sentiment_analysis.py for tasks to queue
[2024-06-24T08:14:51.434+0000] {logging_mixin.py:188} INFO - [2024-06-24T08:14:51.432+0000] {dagbag.py:540} INFO - Filling up the DagBag from /opt/airflow/dags/dag_sentiment_analysis.py
[2024-06-24T08:14:51.613+0000] {processor.py:840} INFO - DAG(s) 'dag_sentiment_analysis' retrieved from /opt/airflow/dags/dag_sentiment_analysis.py
[2024-06-24T08:14:51.684+0000] {logging_mixin.py:188} INFO - [2024-06-24T08:14:51.683+0000] {dag.py:3047} INFO - Sync 1 DAGs
[2024-06-24T08:14:51.753+0000] {logging_mixin.py:188} INFO - [2024-06-24T08:14:51.752+0000] {dag.py:3834} INFO - Setting next_dagrun for dag_sentiment_analysis to 2024-06-23 00:00:00+00:00, run_after=2024-06-24 00:00:00+00:00
[2024-06-24T08:14:51.831+0000] {processor.py:183} INFO - Processing /opt/airflow/dags/dag_sentiment_analysis.py took 0.429 seconds
[2024-06-24T08:15:22.233+0000] {processor.py:161} INFO - Started process (PID=291) to work on /opt/airflow/dags/dag_sentiment_analysis.py
[2024-06-24T08:15:22.237+0000] {processor.py:830} INFO - Processing file /opt/airflow/dags/dag_sentiment_analysis.py for tasks to queue
[2024-06-24T08:15:22.240+0000] {logging_mixin.py:188} INFO - [2024-06-24T08:15:22.239+0000] {dagbag.py:540} INFO - Filling up the DagBag from /opt/airflow/dags/dag_sentiment_analysis.py
[2024-06-24T08:15:22.299+0000] {processor.py:840} INFO - DAG(s) 'dag_sentiment_analysis' retrieved from /opt/airflow/dags/dag_sentiment_analysis.py
[2024-06-24T08:15:22.388+0000] {logging_mixin.py:188} INFO - [2024-06-24T08:15:22.387+0000] {dag.py:3047} INFO - Sync 1 DAGs
[2024-06-24T08:15:22.455+0000] {logging_mixin.py:188} INFO - [2024-06-24T08:15:22.455+0000] {dag.py:3834} INFO - Setting next_dagrun for dag_sentiment_analysis to 2024-06-23 00:00:00+00:00, run_after=2024-06-24 00:00:00+00:00
[2024-06-24T08:15:22.564+0000] {processor.py:183} INFO - Processing /opt/airflow/dags/dag_sentiment_analysis.py took 0.352 seconds
[2024-06-24T08:15:52.795+0000] {processor.py:161} INFO - Started process (PID=296) to work on /opt/airflow/dags/dag_sentiment_analysis.py
[2024-06-24T08:15:52.805+0000] {processor.py:830} INFO - Processing file /opt/airflow/dags/dag_sentiment_analysis.py for tasks to queue
[2024-06-24T08:15:52.823+0000] {logging_mixin.py:188} INFO - [2024-06-24T08:15:52.816+0000] {dagbag.py:540} INFO - Filling up the DagBag from /opt/airflow/dags/dag_sentiment_analysis.py
[2024-06-24T08:15:52.919+0000] {processor.py:840} INFO - DAG(s) 'dag_sentiment_analysis' retrieved from /opt/airflow/dags/dag_sentiment_analysis.py
[2024-06-24T08:15:53.106+0000] {logging_mixin.py:188} INFO - [2024-06-24T08:15:53.105+0000] {dag.py:3047} INFO - Sync 1 DAGs
[2024-06-24T08:15:53.300+0000] {logging_mixin.py:188} INFO - [2024-06-24T08:15:53.299+0000] {dag.py:3834} INFO - Setting next_dagrun for dag_sentiment_analysis to 2024-06-23 00:00:00+00:00, run_after=2024-06-24 00:00:00+00:00
[2024-06-24T08:15:53.422+0000] {processor.py:183} INFO - Processing /opt/airflow/dags/dag_sentiment_analysis.py took 0.642 seconds
[2024-06-24T08:16:23.942+0000] {processor.py:161} INFO - Started process (PID=301) to work on /opt/airflow/dags/dag_sentiment_analysis.py
[2024-06-24T08:16:23.947+0000] {processor.py:830} INFO - Processing file /opt/airflow/dags/dag_sentiment_analysis.py for tasks to queue
[2024-06-24T08:16:23.950+0000] {logging_mixin.py:188} INFO - [2024-06-24T08:16:23.949+0000] {dagbag.py:540} INFO - Filling up the DagBag from /opt/airflow/dags/dag_sentiment_analysis.py
[2024-06-24T08:16:24.019+0000] {processor.py:840} INFO - DAG(s) 'dag_sentiment_analysis' retrieved from /opt/airflow/dags/dag_sentiment_analysis.py
[2024-06-24T08:16:24.109+0000] {logging_mixin.py:188} INFO - [2024-06-24T08:16:24.108+0000] {dag.py:3047} INFO - Sync 1 DAGs
[2024-06-24T08:16:24.196+0000] {logging_mixin.py:188} INFO - [2024-06-24T08:16:24.195+0000] {dag.py:3834} INFO - Setting next_dagrun for dag_sentiment_analysis to 2024-06-23 00:00:00+00:00, run_after=2024-06-24 00:00:00+00:00
[2024-06-24T08:16:24.352+0000] {processor.py:183} INFO - Processing /opt/airflow/dags/dag_sentiment_analysis.py took 0.435 seconds
[2024-06-24T08:16:54.817+0000] {processor.py:161} INFO - Started process (PID=306) to work on /opt/airflow/dags/dag_sentiment_analysis.py
[2024-06-24T08:16:54.830+0000] {processor.py:830} INFO - Processing file /opt/airflow/dags/dag_sentiment_analysis.py for tasks to queue
[2024-06-24T08:16:54.833+0000] {logging_mixin.py:188} INFO - [2024-06-24T08:16:54.832+0000] {dagbag.py:540} INFO - Filling up the DagBag from /opt/airflow/dags/dag_sentiment_analysis.py
[2024-06-24T08:16:54.929+0000] {processor.py:840} INFO - DAG(s) 'dag_sentiment_analysis' retrieved from /opt/airflow/dags/dag_sentiment_analysis.py
[2024-06-24T08:16:55.104+0000] {logging_mixin.py:188} INFO - [2024-06-24T08:16:55.104+0000] {dag.py:3047} INFO - Sync 1 DAGs
[2024-06-24T08:16:55.270+0000] {logging_mixin.py:188} INFO - [2024-06-24T08:16:55.270+0000] {dag.py:3834} INFO - Setting next_dagrun for dag_sentiment_analysis to 2024-06-23 00:00:00+00:00, run_after=2024-06-24 00:00:00+00:00
[2024-06-24T08:16:55.424+0000] {processor.py:183} INFO - Processing /opt/airflow/dags/dag_sentiment_analysis.py took 0.617 seconds
[2024-06-24T08:17:25.859+0000] {processor.py:161} INFO - Started process (PID=311) to work on /opt/airflow/dags/dag_sentiment_analysis.py
[2024-06-24T08:17:25.863+0000] {processor.py:830} INFO - Processing file /opt/airflow/dags/dag_sentiment_analysis.py for tasks to queue
[2024-06-24T08:17:25.866+0000] {logging_mixin.py:188} INFO - [2024-06-24T08:17:25.865+0000] {dagbag.py:540} INFO - Filling up the DagBag from /opt/airflow/dags/dag_sentiment_analysis.py
[2024-06-24T08:17:25.933+0000] {processor.py:840} INFO - DAG(s) 'dag_sentiment_analysis' retrieved from /opt/airflow/dags/dag_sentiment_analysis.py
[2024-06-24T08:17:26.048+0000] {logging_mixin.py:188} INFO - [2024-06-24T08:17:26.047+0000] {dag.py:3047} INFO - Sync 1 DAGs
[2024-06-24T08:17:26.159+0000] {logging_mixin.py:188} INFO - [2024-06-24T08:17:26.158+0000] {dag.py:3834} INFO - Setting next_dagrun for dag_sentiment_analysis to 2024-06-23 00:00:00+00:00, run_after=2024-06-24 00:00:00+00:00
[2024-06-24T08:17:26.228+0000] {processor.py:183} INFO - Processing /opt/airflow/dags/dag_sentiment_analysis.py took 0.385 seconds
[2024-06-24T08:17:56.674+0000] {processor.py:161} INFO - Started process (PID=316) to work on /opt/airflow/dags/dag_sentiment_analysis.py
[2024-06-24T08:17:56.677+0000] {processor.py:830} INFO - Processing file /opt/airflow/dags/dag_sentiment_analysis.py for tasks to queue
[2024-06-24T08:17:56.683+0000] {logging_mixin.py:188} INFO - [2024-06-24T08:17:56.679+0000] {dagbag.py:540} INFO - Filling up the DagBag from /opt/airflow/dags/dag_sentiment_analysis.py
[2024-06-24T08:17:56.748+0000] {processor.py:840} INFO - DAG(s) 'dag_sentiment_analysis' retrieved from /opt/airflow/dags/dag_sentiment_analysis.py
[2024-06-24T08:17:56.843+0000] {logging_mixin.py:188} INFO - [2024-06-24T08:17:56.842+0000] {dag.py:3047} INFO - Sync 1 DAGs
[2024-06-24T08:17:56.924+0000] {logging_mixin.py:188} INFO - [2024-06-24T08:17:56.923+0000] {dag.py:3834} INFO - Setting next_dagrun for dag_sentiment_analysis to 2024-06-23 00:00:00+00:00, run_after=2024-06-24 00:00:00+00:00
[2024-06-24T08:17:56.986+0000] {processor.py:183} INFO - Processing /opt/airflow/dags/dag_sentiment_analysis.py took 0.329 seconds
[2024-06-24T08:18:28.297+0000] {processor.py:161} INFO - Started process (PID=321) to work on /opt/airflow/dags/dag_sentiment_analysis.py
[2024-06-24T08:18:28.307+0000] {processor.py:830} INFO - Processing file /opt/airflow/dags/dag_sentiment_analysis.py for tasks to queue
[2024-06-24T08:18:28.313+0000] {logging_mixin.py:188} INFO - [2024-06-24T08:18:28.311+0000] {dagbag.py:540} INFO - Filling up the DagBag from /opt/airflow/dags/dag_sentiment_analysis.py
[2024-06-24T08:18:28.441+0000] {processor.py:840} INFO - DAG(s) 'dag_sentiment_analysis' retrieved from /opt/airflow/dags/dag_sentiment_analysis.py
[2024-06-24T08:18:28.500+0000] {logging_mixin.py:188} INFO - [2024-06-24T08:18:28.499+0000] {dag.py:3047} INFO - Sync 1 DAGs
[2024-06-24T08:18:28.566+0000] {logging_mixin.py:188} INFO - [2024-06-24T08:18:28.565+0000] {dag.py:3834} INFO - Setting next_dagrun for dag_sentiment_analysis to 2024-06-23 00:00:00+00:00, run_after=2024-06-24 00:00:00+00:00
[2024-06-24T08:18:28.696+0000] {processor.py:183} INFO - Processing /opt/airflow/dags/dag_sentiment_analysis.py took 0.414 seconds
[2024-06-24T08:18:59.357+0000] {processor.py:161} INFO - Started process (PID=326) to work on /opt/airflow/dags/dag_sentiment_analysis.py
[2024-06-24T08:18:59.361+0000] {processor.py:830} INFO - Processing file /opt/airflow/dags/dag_sentiment_analysis.py for tasks to queue
[2024-06-24T08:18:59.363+0000] {logging_mixin.py:188} INFO - [2024-06-24T08:18:59.362+0000] {dagbag.py:540} INFO - Filling up the DagBag from /opt/airflow/dags/dag_sentiment_analysis.py
[2024-06-24T08:18:59.452+0000] {processor.py:840} INFO - DAG(s) 'dag_sentiment_analysis' retrieved from /opt/airflow/dags/dag_sentiment_analysis.py
[2024-06-24T08:18:59.561+0000] {logging_mixin.py:188} INFO - [2024-06-24T08:18:59.561+0000] {dag.py:3047} INFO - Sync 1 DAGs
[2024-06-24T08:18:59.694+0000] {logging_mixin.py:188} INFO - [2024-06-24T08:18:59.693+0000] {dag.py:3834} INFO - Setting next_dagrun for dag_sentiment_analysis to 2024-06-23 00:00:00+00:00, run_after=2024-06-24 00:00:00+00:00
[2024-06-24T08:18:59.832+0000] {processor.py:183} INFO - Processing /opt/airflow/dags/dag_sentiment_analysis.py took 0.488 seconds
[2024-06-24T08:19:30.072+0000] {processor.py:161} INFO - Started process (PID=331) to work on /opt/airflow/dags/dag_sentiment_analysis.py
[2024-06-24T08:19:30.074+0000] {processor.py:830} INFO - Processing file /opt/airflow/dags/dag_sentiment_analysis.py for tasks to queue
[2024-06-24T08:19:30.077+0000] {logging_mixin.py:188} INFO - [2024-06-24T08:19:30.076+0000] {dagbag.py:540} INFO - Filling up the DagBag from /opt/airflow/dags/dag_sentiment_analysis.py
[2024-06-24T08:19:30.135+0000] {processor.py:840} INFO - DAG(s) 'dag_sentiment_analysis' retrieved from /opt/airflow/dags/dag_sentiment_analysis.py
[2024-06-24T08:19:30.209+0000] {logging_mixin.py:188} INFO - [2024-06-24T08:19:30.209+0000] {dag.py:3047} INFO - Sync 1 DAGs
[2024-06-24T08:19:30.274+0000] {logging_mixin.py:188} INFO - [2024-06-24T08:19:30.274+0000] {dag.py:3834} INFO - Setting next_dagrun for dag_sentiment_analysis to 2024-06-23 00:00:00+00:00, run_after=2024-06-24 00:00:00+00:00
[2024-06-24T08:19:30.395+0000] {processor.py:183} INFO - Processing /opt/airflow/dags/dag_sentiment_analysis.py took 0.333 seconds
[2024-06-24T08:20:00.596+0000] {processor.py:161} INFO - Started process (PID=336) to work on /opt/airflow/dags/dag_sentiment_analysis.py
[2024-06-24T08:20:00.601+0000] {processor.py:830} INFO - Processing file /opt/airflow/dags/dag_sentiment_analysis.py for tasks to queue
[2024-06-24T08:20:00.605+0000] {logging_mixin.py:188} INFO - [2024-06-24T08:20:00.604+0000] {dagbag.py:540} INFO - Filling up the DagBag from /opt/airflow/dags/dag_sentiment_analysis.py
[2024-06-24T08:20:00.722+0000] {processor.py:840} INFO - DAG(s) 'dag_sentiment_analysis' retrieved from /opt/airflow/dags/dag_sentiment_analysis.py
[2024-06-24T08:20:00.826+0000] {logging_mixin.py:188} INFO - [2024-06-24T08:20:00.824+0000] {dag.py:3047} INFO - Sync 1 DAGs
[2024-06-24T08:20:00.940+0000] {logging_mixin.py:188} INFO - [2024-06-24T08:20:00.939+0000] {dag.py:3834} INFO - Setting next_dagrun for dag_sentiment_analysis to 2024-06-23 00:00:00+00:00, run_after=2024-06-24 00:00:00+00:00
[2024-06-24T08:20:01.014+0000] {processor.py:183} INFO - Processing /opt/airflow/dags/dag_sentiment_analysis.py took 0.432 seconds
[2024-06-24T08:20:31.157+0000] {processor.py:161} INFO - Started process (PID=341) to work on /opt/airflow/dags/dag_sentiment_analysis.py
[2024-06-24T08:20:31.174+0000] {processor.py:830} INFO - Processing file /opt/airflow/dags/dag_sentiment_analysis.py for tasks to queue
[2024-06-24T08:20:31.178+0000] {logging_mixin.py:188} INFO - [2024-06-24T08:20:31.177+0000] {dagbag.py:540} INFO - Filling up the DagBag from /opt/airflow/dags/dag_sentiment_analysis.py
[2024-06-24T08:20:31.255+0000] {processor.py:840} INFO - DAG(s) 'dag_sentiment_analysis' retrieved from /opt/airflow/dags/dag_sentiment_analysis.py
[2024-06-24T08:20:31.314+0000] {logging_mixin.py:188} INFO - [2024-06-24T08:20:31.314+0000] {dag.py:3047} INFO - Sync 1 DAGs
[2024-06-24T08:20:31.374+0000] {logging_mixin.py:188} INFO - [2024-06-24T08:20:31.373+0000] {dag.py:3834} INFO - Setting next_dagrun for dag_sentiment_analysis to 2024-06-23 00:00:00+00:00, run_after=2024-06-24 00:00:00+00:00
[2024-06-24T08:20:31.419+0000] {processor.py:183} INFO - Processing /opt/airflow/dags/dag_sentiment_analysis.py took 0.271 seconds
[2024-06-24T08:21:01.538+0000] {processor.py:161} INFO - Started process (PID=346) to work on /opt/airflow/dags/dag_sentiment_analysis.py
[2024-06-24T08:21:01.541+0000] {processor.py:830} INFO - Processing file /opt/airflow/dags/dag_sentiment_analysis.py for tasks to queue
[2024-06-24T08:21:01.544+0000] {logging_mixin.py:188} INFO - [2024-06-24T08:21:01.543+0000] {dagbag.py:540} INFO - Filling up the DagBag from /opt/airflow/dags/dag_sentiment_analysis.py
[2024-06-24T08:21:01.616+0000] {processor.py:840} INFO - DAG(s) 'dag_sentiment_analysis' retrieved from /opt/airflow/dags/dag_sentiment_analysis.py
[2024-06-24T08:21:01.715+0000] {logging_mixin.py:188} INFO - [2024-06-24T08:21:01.713+0000] {dag.py:3047} INFO - Sync 1 DAGs
[2024-06-24T08:21:01.787+0000] {logging_mixin.py:188} INFO - [2024-06-24T08:21:01.787+0000] {dag.py:3834} INFO - Setting next_dagrun for dag_sentiment_analysis to 2024-06-23 00:00:00+00:00, run_after=2024-06-24 00:00:00+00:00
[2024-06-24T08:21:01.854+0000] {processor.py:183} INFO - Processing /opt/airflow/dags/dag_sentiment_analysis.py took 0.322 seconds
[2024-06-24T08:21:32.625+0000] {processor.py:161} INFO - Started process (PID=351) to work on /opt/airflow/dags/dag_sentiment_analysis.py
[2024-06-24T08:21:32.627+0000] {processor.py:830} INFO - Processing file /opt/airflow/dags/dag_sentiment_analysis.py for tasks to queue
[2024-06-24T08:21:32.629+0000] {logging_mixin.py:188} INFO - [2024-06-24T08:21:32.629+0000] {dagbag.py:540} INFO - Filling up the DagBag from /opt/airflow/dags/dag_sentiment_analysis.py
[2024-06-24T08:21:32.681+0000] {processor.py:840} INFO - DAG(s) 'dag_sentiment_analysis' retrieved from /opt/airflow/dags/dag_sentiment_analysis.py
[2024-06-24T08:21:32.818+0000] {logging_mixin.py:188} INFO - [2024-06-24T08:21:32.818+0000] {dag.py:3047} INFO - Sync 1 DAGs
[2024-06-24T08:21:32.899+0000] {logging_mixin.py:188} INFO - [2024-06-24T08:21:32.899+0000] {dag.py:3834} INFO - Setting next_dagrun for dag_sentiment_analysis to 2024-06-23 00:00:00+00:00, run_after=2024-06-24 00:00:00+00:00
[2024-06-24T08:21:32.975+0000] {processor.py:183} INFO - Processing /opt/airflow/dags/dag_sentiment_analysis.py took 0.357 seconds
[2024-06-24T08:22:03.312+0000] {processor.py:161} INFO - Started process (PID=356) to work on /opt/airflow/dags/dag_sentiment_analysis.py
[2024-06-24T08:22:03.317+0000] {processor.py:830} INFO - Processing file /opt/airflow/dags/dag_sentiment_analysis.py for tasks to queue
[2024-06-24T08:22:03.319+0000] {logging_mixin.py:188} INFO - [2024-06-24T08:22:03.318+0000] {dagbag.py:540} INFO - Filling up the DagBag from /opt/airflow/dags/dag_sentiment_analysis.py
[2024-06-24T08:22:03.370+0000] {processor.py:840} INFO - DAG(s) 'dag_sentiment_analysis' retrieved from /opt/airflow/dags/dag_sentiment_analysis.py
[2024-06-24T08:22:03.432+0000] {logging_mixin.py:188} INFO - [2024-06-24T08:22:03.431+0000] {dag.py:3047} INFO - Sync 1 DAGs
[2024-06-24T08:22:03.493+0000] {logging_mixin.py:188} INFO - [2024-06-24T08:22:03.492+0000] {dag.py:3834} INFO - Setting next_dagrun for dag_sentiment_analysis to 2024-06-23 00:00:00+00:00, run_after=2024-06-24 00:00:00+00:00
[2024-06-24T08:22:03.550+0000] {processor.py:183} INFO - Processing /opt/airflow/dags/dag_sentiment_analysis.py took 0.247 seconds
[2024-06-24T08:22:34.224+0000] {processor.py:161} INFO - Started process (PID=361) to work on /opt/airflow/dags/dag_sentiment_analysis.py
[2024-06-24T08:22:34.226+0000] {processor.py:830} INFO - Processing file /opt/airflow/dags/dag_sentiment_analysis.py for tasks to queue
[2024-06-24T08:22:34.229+0000] {logging_mixin.py:188} INFO - [2024-06-24T08:22:34.228+0000] {dagbag.py:540} INFO - Filling up the DagBag from /opt/airflow/dags/dag_sentiment_analysis.py
[2024-06-24T08:22:34.297+0000] {processor.py:840} INFO - DAG(s) 'dag_sentiment_analysis' retrieved from /opt/airflow/dags/dag_sentiment_analysis.py
[2024-06-24T08:22:34.417+0000] {logging_mixin.py:188} INFO - [2024-06-24T08:22:34.417+0000] {dag.py:3047} INFO - Sync 1 DAGs
[2024-06-24T08:22:34.556+0000] {logging_mixin.py:188} INFO - [2024-06-24T08:22:34.555+0000] {dag.py:3834} INFO - Setting next_dagrun for dag_sentiment_analysis to 2024-06-23 00:00:00+00:00, run_after=2024-06-24 00:00:00+00:00
[2024-06-24T08:22:34.657+0000] {processor.py:183} INFO - Processing /opt/airflow/dags/dag_sentiment_analysis.py took 0.445 seconds
[2024-06-24T08:23:05.454+0000] {processor.py:161} INFO - Started process (PID=366) to work on /opt/airflow/dags/dag_sentiment_analysis.py
[2024-06-24T08:23:05.457+0000] {processor.py:830} INFO - Processing file /opt/airflow/dags/dag_sentiment_analysis.py for tasks to queue
[2024-06-24T08:23:05.461+0000] {logging_mixin.py:188} INFO - [2024-06-24T08:23:05.459+0000] {dagbag.py:540} INFO - Filling up the DagBag from /opt/airflow/dags/dag_sentiment_analysis.py
[2024-06-24T08:23:05.528+0000] {processor.py:840} INFO - DAG(s) 'dag_sentiment_analysis' retrieved from /opt/airflow/dags/dag_sentiment_analysis.py
[2024-06-24T08:23:05.600+0000] {logging_mixin.py:188} INFO - [2024-06-24T08:23:05.599+0000] {dag.py:3047} INFO - Sync 1 DAGs
[2024-06-24T08:23:05.670+0000] {logging_mixin.py:188} INFO - [2024-06-24T08:23:05.669+0000] {dag.py:3834} INFO - Setting next_dagrun for dag_sentiment_analysis to 2024-06-23 00:00:00+00:00, run_after=2024-06-24 00:00:00+00:00
[2024-06-24T08:23:05.753+0000] {processor.py:183} INFO - Processing /opt/airflow/dags/dag_sentiment_analysis.py took 0.316 seconds
[2024-06-24T08:23:36.295+0000] {processor.py:161} INFO - Started process (PID=371) to work on /opt/airflow/dags/dag_sentiment_analysis.py
[2024-06-24T08:23:36.307+0000] {processor.py:830} INFO - Processing file /opt/airflow/dags/dag_sentiment_analysis.py for tasks to queue
[2024-06-24T08:23:36.312+0000] {logging_mixin.py:188} INFO - [2024-06-24T08:23:36.311+0000] {dagbag.py:540} INFO - Filling up the DagBag from /opt/airflow/dags/dag_sentiment_analysis.py
[2024-06-24T08:23:36.428+0000] {processor.py:840} INFO - DAG(s) 'dag_sentiment_analysis' retrieved from /opt/airflow/dags/dag_sentiment_analysis.py
[2024-06-24T08:23:36.674+0000] {logging_mixin.py:188} INFO - [2024-06-24T08:23:36.674+0000] {dag.py:3047} INFO - Sync 1 DAGs
[2024-06-24T08:23:37.003+0000] {logging_mixin.py:188} INFO - [2024-06-24T08:23:37.003+0000] {dag.py:3834} INFO - Setting next_dagrun for dag_sentiment_analysis to 2024-06-23 00:00:00+00:00, run_after=2024-06-24 00:00:00+00:00
[2024-06-24T08:23:37.140+0000] {processor.py:183} INFO - Processing /opt/airflow/dags/dag_sentiment_analysis.py took 0.900 seconds
[2024-06-24T08:24:07.837+0000] {processor.py:161} INFO - Started process (PID=376) to work on /opt/airflow/dags/dag_sentiment_analysis.py
[2024-06-24T08:24:07.850+0000] {processor.py:830} INFO - Processing file /opt/airflow/dags/dag_sentiment_analysis.py for tasks to queue
[2024-06-24T08:24:07.866+0000] {logging_mixin.py:188} INFO - [2024-06-24T08:24:07.861+0000] {dagbag.py:540} INFO - Filling up the DagBag from /opt/airflow/dags/dag_sentiment_analysis.py
[2024-06-24T08:24:08.041+0000] {processor.py:840} INFO - DAG(s) 'dag_sentiment_analysis' retrieved from /opt/airflow/dags/dag_sentiment_analysis.py
[2024-06-24T08:24:08.333+0000] {logging_mixin.py:188} INFO - [2024-06-24T08:24:08.327+0000] {dag.py:3047} INFO - Sync 1 DAGs
[2024-06-24T08:24:08.655+0000] {logging_mixin.py:188} INFO - [2024-06-24T08:24:08.654+0000] {dag.py:3834} INFO - Setting next_dagrun for dag_sentiment_analysis to 2024-06-23 00:00:00+00:00, run_after=2024-06-24 00:00:00+00:00
[2024-06-24T08:24:08.825+0000] {processor.py:183} INFO - Processing /opt/airflow/dags/dag_sentiment_analysis.py took 1.045 seconds
[2024-06-24T08:24:39.356+0000] {processor.py:161} INFO - Started process (PID=381) to work on /opt/airflow/dags/dag_sentiment_analysis.py
[2024-06-24T08:24:39.360+0000] {processor.py:830} INFO - Processing file /opt/airflow/dags/dag_sentiment_analysis.py for tasks to queue
[2024-06-24T08:24:39.365+0000] {logging_mixin.py:188} INFO - [2024-06-24T08:24:39.364+0000] {dagbag.py:540} INFO - Filling up the DagBag from /opt/airflow/dags/dag_sentiment_analysis.py
[2024-06-24T08:24:39.460+0000] {processor.py:840} INFO - DAG(s) 'dag_sentiment_analysis' retrieved from /opt/airflow/dags/dag_sentiment_analysis.py
[2024-06-24T08:24:39.560+0000] {logging_mixin.py:188} INFO - [2024-06-24T08:24:39.559+0000] {dag.py:3047} INFO - Sync 1 DAGs
[2024-06-24T08:24:39.748+0000] {logging_mixin.py:188} INFO - [2024-06-24T08:24:39.744+0000] {dag.py:3834} INFO - Setting next_dagrun for dag_sentiment_analysis to 2024-06-23 00:00:00+00:00, run_after=2024-06-24 00:00:00+00:00
[2024-06-24T08:24:39.829+0000] {processor.py:183} INFO - Processing /opt/airflow/dags/dag_sentiment_analysis.py took 0.485 seconds
[2024-06-24T08:25:10.030+0000] {processor.py:161} INFO - Started process (PID=386) to work on /opt/airflow/dags/dag_sentiment_analysis.py
[2024-06-24T08:25:10.034+0000] {processor.py:830} INFO - Processing file /opt/airflow/dags/dag_sentiment_analysis.py for tasks to queue
[2024-06-24T08:25:10.038+0000] {logging_mixin.py:188} INFO - [2024-06-24T08:25:10.037+0000] {dagbag.py:540} INFO - Filling up the DagBag from /opt/airflow/dags/dag_sentiment_analysis.py
[2024-06-24T08:25:10.245+0000] {processor.py:840} INFO - DAG(s) 'dag_sentiment_analysis' retrieved from /opt/airflow/dags/dag_sentiment_analysis.py
[2024-06-24T08:25:10.387+0000] {logging_mixin.py:188} INFO - [2024-06-24T08:25:10.387+0000] {dag.py:3047} INFO - Sync 1 DAGs
[2024-06-24T08:25:10.531+0000] {logging_mixin.py:188} INFO - [2024-06-24T08:25:10.529+0000] {dag.py:3834} INFO - Setting next_dagrun for dag_sentiment_analysis to 2024-06-23 00:00:00+00:00, run_after=2024-06-24 00:00:00+00:00
[2024-06-24T08:25:10.610+0000] {processor.py:183} INFO - Processing /opt/airflow/dags/dag_sentiment_analysis.py took 0.603 seconds
[2024-06-24T08:25:41.146+0000] {processor.py:161} INFO - Started process (PID=391) to work on /opt/airflow/dags/dag_sentiment_analysis.py
[2024-06-24T08:25:41.150+0000] {processor.py:830} INFO - Processing file /opt/airflow/dags/dag_sentiment_analysis.py for tasks to queue
[2024-06-24T08:25:41.159+0000] {logging_mixin.py:188} INFO - [2024-06-24T08:25:41.157+0000] {dagbag.py:540} INFO - Filling up the DagBag from /opt/airflow/dags/dag_sentiment_analysis.py
[2024-06-24T08:25:41.233+0000] {processor.py:840} INFO - DAG(s) 'dag_sentiment_analysis' retrieved from /opt/airflow/dags/dag_sentiment_analysis.py
[2024-06-24T08:25:41.298+0000] {logging_mixin.py:188} INFO - [2024-06-24T08:25:41.297+0000] {dag.py:3047} INFO - Sync 1 DAGs
[2024-06-24T08:25:41.402+0000] {logging_mixin.py:188} INFO - [2024-06-24T08:25:41.393+0000] {dag.py:3834} INFO - Setting next_dagrun for dag_sentiment_analysis to 2024-06-23 00:00:00+00:00, run_after=2024-06-24 00:00:00+00:00
[2024-06-24T08:25:41.619+0000] {processor.py:183} INFO - Processing /opt/airflow/dags/dag_sentiment_analysis.py took 0.495 seconds
[2024-06-24T08:26:11.949+0000] {processor.py:161} INFO - Started process (PID=396) to work on /opt/airflow/dags/dag_sentiment_analysis.py
[2024-06-24T08:26:11.952+0000] {processor.py:830} INFO - Processing file /opt/airflow/dags/dag_sentiment_analysis.py for tasks to queue
[2024-06-24T08:26:11.955+0000] {logging_mixin.py:188} INFO - [2024-06-24T08:26:11.954+0000] {dagbag.py:540} INFO - Filling up the DagBag from /opt/airflow/dags/dag_sentiment_analysis.py
[2024-06-24T08:26:12.181+0000] {processor.py:840} INFO - DAG(s) 'dag_sentiment_analysis' retrieved from /opt/airflow/dags/dag_sentiment_analysis.py
[2024-06-24T08:26:12.398+0000] {logging_mixin.py:188} INFO - [2024-06-24T08:26:12.398+0000] {dag.py:3047} INFO - Sync 1 DAGs
[2024-06-24T08:26:12.454+0000] {logging_mixin.py:188} INFO - [2024-06-24T08:26:12.454+0000] {dag.py:3834} INFO - Setting next_dagrun for dag_sentiment_analysis to 2024-06-23 00:00:00+00:00, run_after=2024-06-24 00:00:00+00:00
[2024-06-24T08:26:12.554+0000] {processor.py:183} INFO - Processing /opt/airflow/dags/dag_sentiment_analysis.py took 0.617 seconds
[2024-06-24T08:26:42.973+0000] {processor.py:161} INFO - Started process (PID=401) to work on /opt/airflow/dags/dag_sentiment_analysis.py
[2024-06-24T08:26:42.984+0000] {processor.py:830} INFO - Processing file /opt/airflow/dags/dag_sentiment_analysis.py for tasks to queue
[2024-06-24T08:26:42.989+0000] {logging_mixin.py:188} INFO - [2024-06-24T08:26:42.987+0000] {dagbag.py:540} INFO - Filling up the DagBag from /opt/airflow/dags/dag_sentiment_analysis.py
[2024-06-24T08:26:43.072+0000] {processor.py:840} INFO - DAG(s) 'dag_sentiment_analysis' retrieved from /opt/airflow/dags/dag_sentiment_analysis.py
[2024-06-24T08:26:43.171+0000] {logging_mixin.py:188} INFO - [2024-06-24T08:26:43.170+0000] {dag.py:3047} INFO - Sync 1 DAGs
[2024-06-24T08:26:43.244+0000] {logging_mixin.py:188} INFO - [2024-06-24T08:26:43.243+0000] {dag.py:3834} INFO - Setting next_dagrun for dag_sentiment_analysis to 2024-06-23 00:00:00+00:00, run_after=2024-06-24 00:00:00+00:00
[2024-06-24T08:26:43.343+0000] {processor.py:183} INFO - Processing /opt/airflow/dags/dag_sentiment_analysis.py took 0.382 seconds
[2024-06-24T08:27:13.515+0000] {processor.py:161} INFO - Started process (PID=406) to work on /opt/airflow/dags/dag_sentiment_analysis.py
[2024-06-24T08:27:13.538+0000] {processor.py:830} INFO - Processing file /opt/airflow/dags/dag_sentiment_analysis.py for tasks to queue
[2024-06-24T08:27:13.542+0000] {logging_mixin.py:188} INFO - [2024-06-24T08:27:13.541+0000] {dagbag.py:540} INFO - Filling up the DagBag from /opt/airflow/dags/dag_sentiment_analysis.py
[2024-06-24T08:27:13.608+0000] {processor.py:840} INFO - DAG(s) 'dag_sentiment_analysis' retrieved from /opt/airflow/dags/dag_sentiment_analysis.py
[2024-06-24T08:27:13.667+0000] {logging_mixin.py:188} INFO - [2024-06-24T08:27:13.666+0000] {dag.py:3047} INFO - Sync 1 DAGs
[2024-06-24T08:27:13.738+0000] {logging_mixin.py:188} INFO - [2024-06-24T08:27:13.737+0000] {dag.py:3834} INFO - Setting next_dagrun for dag_sentiment_analysis to 2024-06-23 00:00:00+00:00, run_after=2024-06-24 00:00:00+00:00
[2024-06-24T08:27:13.783+0000] {processor.py:183} INFO - Processing /opt/airflow/dags/dag_sentiment_analysis.py took 0.289 seconds
[2024-06-24T08:27:44.173+0000] {processor.py:161} INFO - Started process (PID=411) to work on /opt/airflow/dags/dag_sentiment_analysis.py
[2024-06-24T08:27:44.176+0000] {processor.py:830} INFO - Processing file /opt/airflow/dags/dag_sentiment_analysis.py for tasks to queue
[2024-06-24T08:27:44.178+0000] {logging_mixin.py:188} INFO - [2024-06-24T08:27:44.177+0000] {dagbag.py:540} INFO - Filling up the DagBag from /opt/airflow/dags/dag_sentiment_analysis.py
[2024-06-24T08:27:44.224+0000] {processor.py:840} INFO - DAG(s) 'dag_sentiment_analysis' retrieved from /opt/airflow/dags/dag_sentiment_analysis.py
[2024-06-24T08:27:44.291+0000] {logging_mixin.py:188} INFO - [2024-06-24T08:27:44.290+0000] {dag.py:3047} INFO - Sync 1 DAGs
[2024-06-24T08:27:44.378+0000] {logging_mixin.py:188} INFO - [2024-06-24T08:27:44.377+0000] {dag.py:3834} INFO - Setting next_dagrun for dag_sentiment_analysis to 2024-06-23 00:00:00+00:00, run_after=2024-06-24 00:00:00+00:00
[2024-06-24T08:27:44.450+0000] {processor.py:183} INFO - Processing /opt/airflow/dags/dag_sentiment_analysis.py took 0.282 seconds
[2024-06-24T08:28:14.939+0000] {processor.py:161} INFO - Started process (PID=416) to work on /opt/airflow/dags/dag_sentiment_analysis.py
[2024-06-24T08:28:14.944+0000] {processor.py:830} INFO - Processing file /opt/airflow/dags/dag_sentiment_analysis.py for tasks to queue
[2024-06-24T08:28:14.950+0000] {logging_mixin.py:188} INFO - [2024-06-24T08:28:14.949+0000] {dagbag.py:540} INFO - Filling up the DagBag from /opt/airflow/dags/dag_sentiment_analysis.py
[2024-06-24T08:28:15.045+0000] {processor.py:840} INFO - DAG(s) 'dag_sentiment_analysis' retrieved from /opt/airflow/dags/dag_sentiment_analysis.py
[2024-06-24T08:28:15.171+0000] {logging_mixin.py:188} INFO - [2024-06-24T08:28:15.170+0000] {dag.py:3047} INFO - Sync 1 DAGs
[2024-06-24T08:28:15.275+0000] {logging_mixin.py:188} INFO - [2024-06-24T08:28:15.274+0000] {dag.py:3834} INFO - Setting next_dagrun for dag_sentiment_analysis to 2024-06-23 00:00:00+00:00, run_after=2024-06-24 00:00:00+00:00
[2024-06-24T08:28:15.359+0000] {processor.py:183} INFO - Processing /opt/airflow/dags/dag_sentiment_analysis.py took 0.436 seconds
[2024-06-24T08:28:45.816+0000] {processor.py:161} INFO - Started process (PID=421) to work on /opt/airflow/dags/dag_sentiment_analysis.py
[2024-06-24T08:28:45.820+0000] {processor.py:830} INFO - Processing file /opt/airflow/dags/dag_sentiment_analysis.py for tasks to queue
[2024-06-24T08:28:45.825+0000] {logging_mixin.py:188} INFO - [2024-06-24T08:28:45.823+0000] {dagbag.py:540} INFO - Filling up the DagBag from /opt/airflow/dags/dag_sentiment_analysis.py
[2024-06-24T08:28:45.904+0000] {processor.py:840} INFO - DAG(s) 'dag_sentiment_analysis' retrieved from /opt/airflow/dags/dag_sentiment_analysis.py
[2024-06-24T08:28:46.084+0000] {logging_mixin.py:188} INFO - [2024-06-24T08:28:46.083+0000] {dag.py:3047} INFO - Sync 1 DAGs
[2024-06-24T08:28:46.236+0000] {logging_mixin.py:188} INFO - [2024-06-24T08:28:46.236+0000] {dag.py:3834} INFO - Setting next_dagrun for dag_sentiment_analysis to 2024-06-23 00:00:00+00:00, run_after=2024-06-24 00:00:00+00:00
[2024-06-24T08:28:46.302+0000] {processor.py:183} INFO - Processing /opt/airflow/dags/dag_sentiment_analysis.py took 0.496 seconds
[2024-06-24T08:29:16.660+0000] {processor.py:161} INFO - Started process (PID=426) to work on /opt/airflow/dags/dag_sentiment_analysis.py
[2024-06-24T08:29:16.671+0000] {processor.py:830} INFO - Processing file /opt/airflow/dags/dag_sentiment_analysis.py for tasks to queue
[2024-06-24T08:29:16.677+0000] {logging_mixin.py:188} INFO - [2024-06-24T08:29:16.676+0000] {dagbag.py:540} INFO - Filling up the DagBag from /opt/airflow/dags/dag_sentiment_analysis.py
[2024-06-24T08:29:16.726+0000] {processor.py:840} INFO - DAG(s) 'dag_sentiment_analysis' retrieved from /opt/airflow/dags/dag_sentiment_analysis.py
[2024-06-24T08:29:16.797+0000] {logging_mixin.py:188} INFO - [2024-06-24T08:29:16.796+0000] {dag.py:3047} INFO - Sync 1 DAGs
[2024-06-24T08:29:16.881+0000] {logging_mixin.py:188} INFO - [2024-06-24T08:29:16.880+0000] {dag.py:3834} INFO - Setting next_dagrun for dag_sentiment_analysis to 2024-06-23 00:00:00+00:00, run_after=2024-06-24 00:00:00+00:00
[2024-06-24T08:29:16.996+0000] {processor.py:183} INFO - Processing /opt/airflow/dags/dag_sentiment_analysis.py took 0.355 seconds
[2024-06-24T08:29:47.234+0000] {processor.py:161} INFO - Started process (PID=431) to work on /opt/airflow/dags/dag_sentiment_analysis.py
[2024-06-24T08:29:47.239+0000] {processor.py:830} INFO - Processing file /opt/airflow/dags/dag_sentiment_analysis.py for tasks to queue
[2024-06-24T08:29:47.243+0000] {logging_mixin.py:188} INFO - [2024-06-24T08:29:47.242+0000] {dagbag.py:540} INFO - Filling up the DagBag from /opt/airflow/dags/dag_sentiment_analysis.py
[2024-06-24T08:29:47.338+0000] {processor.py:840} INFO - DAG(s) 'dag_sentiment_analysis' retrieved from /opt/airflow/dags/dag_sentiment_analysis.py
[2024-06-24T08:29:47.471+0000] {logging_mixin.py:188} INFO - [2024-06-24T08:29:47.470+0000] {dag.py:3047} INFO - Sync 1 DAGs
[2024-06-24T08:29:47.560+0000] {logging_mixin.py:188} INFO - [2024-06-24T08:29:47.560+0000] {dag.py:3834} INFO - Setting next_dagrun for dag_sentiment_analysis to 2024-06-23 00:00:00+00:00, run_after=2024-06-24 00:00:00+00:00
[2024-06-24T08:29:47.637+0000] {processor.py:183} INFO - Processing /opt/airflow/dags/dag_sentiment_analysis.py took 0.414 seconds
[2024-06-24T08:30:18.107+0000] {processor.py:161} INFO - Started process (PID=436) to work on /opt/airflow/dags/dag_sentiment_analysis.py
[2024-06-24T08:30:18.115+0000] {processor.py:830} INFO - Processing file /opt/airflow/dags/dag_sentiment_analysis.py for tasks to queue
[2024-06-24T08:30:18.120+0000] {logging_mixin.py:188} INFO - [2024-06-24T08:30:18.118+0000] {dagbag.py:540} INFO - Filling up the DagBag from /opt/airflow/dags/dag_sentiment_analysis.py
[2024-06-24T08:30:18.162+0000] {processor.py:840} INFO - DAG(s) 'dag_sentiment_analysis' retrieved from /opt/airflow/dags/dag_sentiment_analysis.py
[2024-06-24T08:30:18.221+0000] {logging_mixin.py:188} INFO - [2024-06-24T08:30:18.220+0000] {dag.py:3047} INFO - Sync 1 DAGs
[2024-06-24T08:30:18.267+0000] {logging_mixin.py:188} INFO - [2024-06-24T08:30:18.267+0000] {dag.py:3834} INFO - Setting next_dagrun for dag_sentiment_analysis to 2024-06-23 00:00:00+00:00, run_after=2024-06-24 00:00:00+00:00
[2024-06-24T08:30:18.359+0000] {processor.py:183} INFO - Processing /opt/airflow/dags/dag_sentiment_analysis.py took 0.260 seconds
[2024-06-24T08:30:48.614+0000] {processor.py:161} INFO - Started process (PID=441) to work on /opt/airflow/dags/dag_sentiment_analysis.py
[2024-06-24T08:30:48.616+0000] {processor.py:830} INFO - Processing file /opt/airflow/dags/dag_sentiment_analysis.py for tasks to queue
[2024-06-24T08:30:48.618+0000] {logging_mixin.py:188} INFO - [2024-06-24T08:30:48.618+0000] {dagbag.py:540} INFO - Filling up the DagBag from /opt/airflow/dags/dag_sentiment_analysis.py
[2024-06-24T08:30:48.685+0000] {processor.py:840} INFO - DAG(s) 'dag_sentiment_analysis' retrieved from /opt/airflow/dags/dag_sentiment_analysis.py
[2024-06-24T08:30:48.756+0000] {logging_mixin.py:188} INFO - [2024-06-24T08:30:48.755+0000] {dag.py:3047} INFO - Sync 1 DAGs
[2024-06-24T08:30:48.852+0000] {logging_mixin.py:188} INFO - [2024-06-24T08:30:48.851+0000] {dag.py:3834} INFO - Setting next_dagrun for dag_sentiment_analysis to 2024-06-23 00:00:00+00:00, run_after=2024-06-24 00:00:00+00:00
[2024-06-24T08:30:48.958+0000] {processor.py:183} INFO - Processing /opt/airflow/dags/dag_sentiment_analysis.py took 0.355 seconds
[2024-06-24T08:31:19.343+0000] {processor.py:161} INFO - Started process (PID=446) to work on /opt/airflow/dags/dag_sentiment_analysis.py
[2024-06-24T08:31:19.346+0000] {processor.py:830} INFO - Processing file /opt/airflow/dags/dag_sentiment_analysis.py for tasks to queue
[2024-06-24T08:31:19.351+0000] {logging_mixin.py:188} INFO - [2024-06-24T08:31:19.349+0000] {dagbag.py:540} INFO - Filling up the DagBag from /opt/airflow/dags/dag_sentiment_analysis.py
[2024-06-24T08:31:19.407+0000] {processor.py:840} INFO - DAG(s) 'dag_sentiment_analysis' retrieved from /opt/airflow/dags/dag_sentiment_analysis.py
[2024-06-24T08:31:19.479+0000] {logging_mixin.py:188} INFO - [2024-06-24T08:31:19.478+0000] {dag.py:3047} INFO - Sync 1 DAGs
[2024-06-24T08:31:19.556+0000] {logging_mixin.py:188} INFO - [2024-06-24T08:31:19.556+0000] {dag.py:3834} INFO - Setting next_dagrun for dag_sentiment_analysis to 2024-06-23 00:00:00+00:00, run_after=2024-06-24 00:00:00+00:00
[2024-06-24T08:31:19.638+0000] {processor.py:183} INFO - Processing /opt/airflow/dags/dag_sentiment_analysis.py took 0.302 seconds
[2024-06-24T08:31:50.085+0000] {processor.py:161} INFO - Started process (PID=451) to work on /opt/airflow/dags/dag_sentiment_analysis.py
[2024-06-24T08:31:50.089+0000] {processor.py:830} INFO - Processing file /opt/airflow/dags/dag_sentiment_analysis.py for tasks to queue
[2024-06-24T08:31:50.094+0000] {logging_mixin.py:188} INFO - [2024-06-24T08:31:50.092+0000] {dagbag.py:540} INFO - Filling up the DagBag from /opt/airflow/dags/dag_sentiment_analysis.py
[2024-06-24T08:31:50.162+0000] {processor.py:840} INFO - DAG(s) 'dag_sentiment_analysis' retrieved from /opt/airflow/dags/dag_sentiment_analysis.py
[2024-06-24T08:31:50.230+0000] {logging_mixin.py:188} INFO - [2024-06-24T08:31:50.229+0000] {dag.py:3047} INFO - Sync 1 DAGs
[2024-06-24T08:31:50.314+0000] {logging_mixin.py:188} INFO - [2024-06-24T08:31:50.313+0000] {dag.py:3834} INFO - Setting next_dagrun for dag_sentiment_analysis to 2024-06-23 00:00:00+00:00, run_after=2024-06-24 00:00:00+00:00
[2024-06-24T08:31:50.378+0000] {processor.py:183} INFO - Processing /opt/airflow/dags/dag_sentiment_analysis.py took 0.304 seconds
[2024-06-24T08:32:20.638+0000] {processor.py:161} INFO - Started process (PID=456) to work on /opt/airflow/dags/dag_sentiment_analysis.py
[2024-06-24T08:32:20.653+0000] {processor.py:830} INFO - Processing file /opt/airflow/dags/dag_sentiment_analysis.py for tasks to queue
[2024-06-24T08:32:20.657+0000] {logging_mixin.py:188} INFO - [2024-06-24T08:32:20.656+0000] {dagbag.py:540} INFO - Filling up the DagBag from /opt/airflow/dags/dag_sentiment_analysis.py
[2024-06-24T08:32:20.732+0000] {processor.py:840} INFO - DAG(s) 'dag_sentiment_analysis' retrieved from /opt/airflow/dags/dag_sentiment_analysis.py
[2024-06-24T08:32:20.790+0000] {logging_mixin.py:188} INFO - [2024-06-24T08:32:20.789+0000] {dag.py:3047} INFO - Sync 1 DAGs
[2024-06-24T08:32:20.844+0000] {logging_mixin.py:188} INFO - [2024-06-24T08:32:20.843+0000] {dag.py:3834} INFO - Setting next_dagrun for dag_sentiment_analysis to 2024-06-23 00:00:00+00:00, run_after=2024-06-24 00:00:00+00:00
[2024-06-24T08:32:20.905+0000] {processor.py:183} INFO - Processing /opt/airflow/dags/dag_sentiment_analysis.py took 0.299 seconds
[2024-06-24T08:32:51.396+0000] {processor.py:161} INFO - Started process (PID=461) to work on /opt/airflow/dags/dag_sentiment_analysis.py
[2024-06-24T08:32:51.419+0000] {processor.py:830} INFO - Processing file /opt/airflow/dags/dag_sentiment_analysis.py for tasks to queue
[2024-06-24T08:32:51.424+0000] {logging_mixin.py:188} INFO - [2024-06-24T08:32:51.423+0000] {dagbag.py:540} INFO - Filling up the DagBag from /opt/airflow/dags/dag_sentiment_analysis.py
[2024-06-24T08:32:51.730+0000] {processor.py:840} INFO - DAG(s) 'dag_sentiment_analysis' retrieved from /opt/airflow/dags/dag_sentiment_analysis.py
[2024-06-24T08:32:52.002+0000] {logging_mixin.py:188} INFO - [2024-06-24T08:32:52.000+0000] {dag.py:3047} INFO - Sync 1 DAGs
[2024-06-24T08:32:52.275+0000] {logging_mixin.py:188} INFO - [2024-06-24T08:32:52.274+0000] {dag.py:3834} INFO - Setting next_dagrun for dag_sentiment_analysis to 2024-06-23 00:00:00+00:00, run_after=2024-06-24 00:00:00+00:00
[2024-06-24T08:32:52.563+0000] {processor.py:183} INFO - Processing /opt/airflow/dags/dag_sentiment_analysis.py took 1.179 seconds
[2024-06-24T08:33:22.965+0000] {processor.py:161} INFO - Started process (PID=466) to work on /opt/airflow/dags/dag_sentiment_analysis.py
[2024-06-24T08:33:22.968+0000] {processor.py:830} INFO - Processing file /opt/airflow/dags/dag_sentiment_analysis.py for tasks to queue
[2024-06-24T08:33:22.971+0000] {logging_mixin.py:188} INFO - [2024-06-24T08:33:22.970+0000] {dagbag.py:540} INFO - Filling up the DagBag from /opt/airflow/dags/dag_sentiment_analysis.py
[2024-06-24T08:33:23.029+0000] {processor.py:840} INFO - DAG(s) 'dag_sentiment_analysis' retrieved from /opt/airflow/dags/dag_sentiment_analysis.py
[2024-06-24T08:33:23.116+0000] {logging_mixin.py:188} INFO - [2024-06-24T08:33:23.115+0000] {dag.py:3047} INFO - Sync 1 DAGs
[2024-06-24T08:33:23.189+0000] {logging_mixin.py:188} INFO - [2024-06-24T08:33:23.188+0000] {dag.py:3834} INFO - Setting next_dagrun for dag_sentiment_analysis to 2024-06-23 00:00:00+00:00, run_after=2024-06-24 00:00:00+00:00
[2024-06-24T08:33:23.245+0000] {processor.py:183} INFO - Processing /opt/airflow/dags/dag_sentiment_analysis.py took 0.289 seconds
[2024-06-24T08:33:53.737+0000] {processor.py:161} INFO - Started process (PID=471) to work on /opt/airflow/dags/dag_sentiment_analysis.py
[2024-06-24T08:33:53.745+0000] {processor.py:830} INFO - Processing file /opt/airflow/dags/dag_sentiment_analysis.py for tasks to queue
[2024-06-24T08:33:53.751+0000] {logging_mixin.py:188} INFO - [2024-06-24T08:33:53.749+0000] {dagbag.py:540} INFO - Filling up the DagBag from /opt/airflow/dags/dag_sentiment_analysis.py
[2024-06-24T08:33:53.892+0000] {processor.py:840} INFO - DAG(s) 'dag_sentiment_analysis' retrieved from /opt/airflow/dags/dag_sentiment_analysis.py
[2024-06-24T08:33:53.996+0000] {logging_mixin.py:188} INFO - [2024-06-24T08:33:53.995+0000] {dag.py:3047} INFO - Sync 1 DAGs
[2024-06-24T08:33:54.068+0000] {logging_mixin.py:188} INFO - [2024-06-24T08:33:54.067+0000] {dag.py:3834} INFO - Setting next_dagrun for dag_sentiment_analysis to 2024-06-23 00:00:00+00:00, run_after=2024-06-24 00:00:00+00:00
[2024-06-24T08:33:54.143+0000] {processor.py:183} INFO - Processing /opt/airflow/dags/dag_sentiment_analysis.py took 0.422 seconds
[2024-06-24T08:34:24.660+0000] {processor.py:161} INFO - Started process (PID=476) to work on /opt/airflow/dags/dag_sentiment_analysis.py
[2024-06-24T08:34:24.664+0000] {processor.py:830} INFO - Processing file /opt/airflow/dags/dag_sentiment_analysis.py for tasks to queue
[2024-06-24T08:34:24.668+0000] {logging_mixin.py:188} INFO - [2024-06-24T08:34:24.667+0000] {dagbag.py:540} INFO - Filling up the DagBag from /opt/airflow/dags/dag_sentiment_analysis.py
[2024-06-24T08:34:24.726+0000] {processor.py:840} INFO - DAG(s) 'dag_sentiment_analysis' retrieved from /opt/airflow/dags/dag_sentiment_analysis.py
[2024-06-24T08:34:24.786+0000] {logging_mixin.py:188} INFO - [2024-06-24T08:34:24.785+0000] {dag.py:3047} INFO - Sync 1 DAGs
[2024-06-24T08:34:24.834+0000] {logging_mixin.py:188} INFO - [2024-06-24T08:34:24.834+0000] {dag.py:3834} INFO - Setting next_dagrun for dag_sentiment_analysis to 2024-06-23 00:00:00+00:00, run_after=2024-06-24 00:00:00+00:00
[2024-06-24T08:34:24.937+0000] {processor.py:183} INFO - Processing /opt/airflow/dags/dag_sentiment_analysis.py took 0.286 seconds
[2024-06-24T08:34:55.301+0000] {processor.py:161} INFO - Started process (PID=481) to work on /opt/airflow/dags/dag_sentiment_analysis.py
[2024-06-24T08:34:55.304+0000] {processor.py:830} INFO - Processing file /opt/airflow/dags/dag_sentiment_analysis.py for tasks to queue
[2024-06-24T08:34:55.306+0000] {logging_mixin.py:188} INFO - [2024-06-24T08:34:55.306+0000] {dagbag.py:540} INFO - Filling up the DagBag from /opt/airflow/dags/dag_sentiment_analysis.py
[2024-06-24T08:34:55.376+0000] {processor.py:840} INFO - DAG(s) 'dag_sentiment_analysis' retrieved from /opt/airflow/dags/dag_sentiment_analysis.py
[2024-06-24T08:34:55.458+0000] {logging_mixin.py:188} INFO - [2024-06-24T08:34:55.457+0000] {dag.py:3047} INFO - Sync 1 DAGs
[2024-06-24T08:34:55.594+0000] {logging_mixin.py:188} INFO - [2024-06-24T08:34:55.593+0000] {dag.py:3834} INFO - Setting next_dagrun for dag_sentiment_analysis to 2024-06-23 00:00:00+00:00, run_after=2024-06-24 00:00:00+00:00
[2024-06-24T08:34:55.688+0000] {processor.py:183} INFO - Processing /opt/airflow/dags/dag_sentiment_analysis.py took 0.398 seconds
[2024-06-24T08:35:26.279+0000] {processor.py:161} INFO - Started process (PID=486) to work on /opt/airflow/dags/dag_sentiment_analysis.py
[2024-06-24T08:35:26.284+0000] {processor.py:830} INFO - Processing file /opt/airflow/dags/dag_sentiment_analysis.py for tasks to queue
[2024-06-24T08:35:26.286+0000] {logging_mixin.py:188} INFO - [2024-06-24T08:35:26.286+0000] {dagbag.py:540} INFO - Filling up the DagBag from /opt/airflow/dags/dag_sentiment_analysis.py
[2024-06-24T08:35:26.335+0000] {processor.py:840} INFO - DAG(s) 'dag_sentiment_analysis' retrieved from /opt/airflow/dags/dag_sentiment_analysis.py
[2024-06-24T08:35:26.471+0000] {logging_mixin.py:188} INFO - [2024-06-24T08:35:26.470+0000] {dag.py:3047} INFO - Sync 1 DAGs
[2024-06-24T08:35:26.591+0000] {logging_mixin.py:188} INFO - [2024-06-24T08:35:26.591+0000] {dag.py:3834} INFO - Setting next_dagrun for dag_sentiment_analysis to 2024-06-23 00:00:00+00:00, run_after=2024-06-24 00:00:00+00:00
[2024-06-24T08:35:26.658+0000] {processor.py:183} INFO - Processing /opt/airflow/dags/dag_sentiment_analysis.py took 0.387 seconds
[2024-06-24T08:35:56.891+0000] {processor.py:161} INFO - Started process (PID=491) to work on /opt/airflow/dags/dag_sentiment_analysis.py
[2024-06-24T08:35:56.894+0000] {processor.py:830} INFO - Processing file /opt/airflow/dags/dag_sentiment_analysis.py for tasks to queue
[2024-06-24T08:35:56.897+0000] {logging_mixin.py:188} INFO - [2024-06-24T08:35:56.896+0000] {dagbag.py:540} INFO - Filling up the DagBag from /opt/airflow/dags/dag_sentiment_analysis.py
[2024-06-24T08:35:56.944+0000] {processor.py:840} INFO - DAG(s) 'dag_sentiment_analysis' retrieved from /opt/airflow/dags/dag_sentiment_analysis.py
[2024-06-24T08:35:57.014+0000] {logging_mixin.py:188} INFO - [2024-06-24T08:35:57.014+0000] {dag.py:3047} INFO - Sync 1 DAGs
[2024-06-24T08:35:57.066+0000] {logging_mixin.py:188} INFO - [2024-06-24T08:35:57.066+0000] {dag.py:3834} INFO - Setting next_dagrun for dag_sentiment_analysis to 2024-06-23 00:00:00+00:00, run_after=2024-06-24 00:00:00+00:00
[2024-06-24T08:35:57.151+0000] {processor.py:183} INFO - Processing /opt/airflow/dags/dag_sentiment_analysis.py took 0.267 seconds
[2024-06-24T08:36:27.542+0000] {processor.py:161} INFO - Started process (PID=496) to work on /opt/airflow/dags/dag_sentiment_analysis.py
[2024-06-24T08:36:27.544+0000] {processor.py:830} INFO - Processing file /opt/airflow/dags/dag_sentiment_analysis.py for tasks to queue
[2024-06-24T08:36:27.546+0000] {logging_mixin.py:188} INFO - [2024-06-24T08:36:27.546+0000] {dagbag.py:540} INFO - Filling up the DagBag from /opt/airflow/dags/dag_sentiment_analysis.py
[2024-06-24T08:36:27.598+0000] {processor.py:840} INFO - DAG(s) 'dag_sentiment_analysis' retrieved from /opt/airflow/dags/dag_sentiment_analysis.py
[2024-06-24T08:36:27.664+0000] {logging_mixin.py:188} INFO - [2024-06-24T08:36:27.664+0000] {dag.py:3047} INFO - Sync 1 DAGs
[2024-06-24T08:36:27.716+0000] {logging_mixin.py:188} INFO - [2024-06-24T08:36:27.716+0000] {dag.py:3834} INFO - Setting next_dagrun for dag_sentiment_analysis to 2024-06-23 00:00:00+00:00, run_after=2024-06-24 00:00:00+00:00
[2024-06-24T08:36:27.761+0000] {processor.py:183} INFO - Processing /opt/airflow/dags/dag_sentiment_analysis.py took 0.226 seconds
[2024-06-24T08:42:28.008+0000] {processor.py:161} INFO - Started process (PID=201) to work on /opt/airflow/dags/dag_sentiment_analysis.py
[2024-06-24T08:42:28.012+0000] {processor.py:830} INFO - Processing file /opt/airflow/dags/dag_sentiment_analysis.py for tasks to queue
[2024-06-24T08:42:28.014+0000] {logging_mixin.py:188} INFO - [2024-06-24T08:42:28.013+0000] {dagbag.py:540} INFO - Filling up the DagBag from /opt/airflow/dags/dag_sentiment_analysis.py
[2024-06-24T08:42:28.092+0000] {processor.py:840} INFO - DAG(s) 'dag_sentiment_analysis' retrieved from /opt/airflow/dags/dag_sentiment_analysis.py
[2024-06-24T08:42:28.655+0000] {logging_mixin.py:188} INFO - [2024-06-24T08:42:28.654+0000] {override.py:1769} INFO - Created Permission View: can delete on DAG:dag_sentiment_analysis
[2024-06-24T08:42:28.685+0000] {logging_mixin.py:188} INFO - [2024-06-24T08:42:28.684+0000] {override.py:1769} INFO - Created Permission View: can read on DAG:dag_sentiment_analysis
[2024-06-24T08:42:28.715+0000] {logging_mixin.py:188} INFO - [2024-06-24T08:42:28.714+0000] {override.py:1769} INFO - Created Permission View: can edit on DAG:dag_sentiment_analysis
[2024-06-24T08:42:28.717+0000] {logging_mixin.py:188} INFO - [2024-06-24T08:42:28.717+0000] {dag.py:3047} INFO - Sync 1 DAGs
[2024-06-24T08:42:28.745+0000] {logging_mixin.py:188} INFO - [2024-06-24T08:42:28.744+0000] {dag.py:3069} INFO - Creating ORM DAG for dag_sentiment_analysis
[2024-06-24T08:42:28.765+0000] {logging_mixin.py:188} INFO - [2024-06-24T08:42:28.764+0000] {dag.py:3834} INFO - Setting next_dagrun for dag_sentiment_analysis to 2024-06-23 00:00:00+00:00, run_after=2024-06-24 00:00:00+00:00
[2024-06-24T08:42:28.808+0000] {processor.py:183} INFO - Processing /opt/airflow/dags/dag_sentiment_analysis.py took 0.808 seconds
[2024-06-24T08:42:59.234+0000] {processor.py:161} INFO - Started process (PID=206) to work on /opt/airflow/dags/dag_sentiment_analysis.py
[2024-06-24T08:42:59.465+0000] {processor.py:830} INFO - Processing file /opt/airflow/dags/dag_sentiment_analysis.py for tasks to queue
[2024-06-24T08:42:59.504+0000] {logging_mixin.py:188} INFO - [2024-06-24T08:42:59.503+0000] {dagbag.py:540} INFO - Filling up the DagBag from /opt/airflow/dags/dag_sentiment_analysis.py
[2024-06-24T08:43:00.214+0000] {processor.py:840} INFO - DAG(s) 'dag_sentiment_analysis' retrieved from /opt/airflow/dags/dag_sentiment_analysis.py
[2024-06-24T08:43:01.146+0000] {logging_mixin.py:188} INFO - [2024-06-24T08:43:01.145+0000] {dag.py:3047} INFO - Sync 1 DAGs
[2024-06-24T08:43:01.993+0000] {logging_mixin.py:188} INFO - [2024-06-24T08:43:01.992+0000] {dag.py:3834} INFO - Setting next_dagrun for dag_sentiment_analysis to 2024-06-23 00:00:00+00:00, run_after=2024-06-24 00:00:00+00:00
[2024-06-24T08:43:02.628+0000] {processor.py:183} INFO - Processing /opt/airflow/dags/dag_sentiment_analysis.py took 3.420 seconds
[2024-06-24T08:43:33.332+0000] {processor.py:161} INFO - Started process (PID=211) to work on /opt/airflow/dags/dag_sentiment_analysis.py
[2024-06-24T08:43:33.336+0000] {processor.py:830} INFO - Processing file /opt/airflow/dags/dag_sentiment_analysis.py for tasks to queue
[2024-06-24T08:43:33.339+0000] {logging_mixin.py:188} INFO - [2024-06-24T08:43:33.338+0000] {dagbag.py:540} INFO - Filling up the DagBag from /opt/airflow/dags/dag_sentiment_analysis.py
[2024-06-24T08:43:33.392+0000] {processor.py:840} INFO - DAG(s) 'dag_sentiment_analysis' retrieved from /opt/airflow/dags/dag_sentiment_analysis.py
[2024-06-24T08:43:33.470+0000] {logging_mixin.py:188} INFO - [2024-06-24T08:43:33.469+0000] {dag.py:3047} INFO - Sync 1 DAGs
[2024-06-24T08:43:33.662+0000] {logging_mixin.py:188} INFO - [2024-06-24T08:43:33.661+0000] {dag.py:3834} INFO - Setting next_dagrun for dag_sentiment_analysis to 2024-06-23 00:00:00+00:00, run_after=2024-06-24 00:00:00+00:00
[2024-06-24T08:43:33.836+0000] {processor.py:183} INFO - Processing /opt/airflow/dags/dag_sentiment_analysis.py took 0.512 seconds
[2024-06-24T08:44:04.550+0000] {processor.py:161} INFO - Started process (PID=216) to work on /opt/airflow/dags/dag_sentiment_analysis.py
[2024-06-24T08:44:04.556+0000] {processor.py:830} INFO - Processing file /opt/airflow/dags/dag_sentiment_analysis.py for tasks to queue
[2024-06-24T08:44:04.561+0000] {logging_mixin.py:188} INFO - [2024-06-24T08:44:04.560+0000] {dagbag.py:540} INFO - Filling up the DagBag from /opt/airflow/dags/dag_sentiment_analysis.py
[2024-06-24T08:44:04.678+0000] {processor.py:840} INFO - DAG(s) 'dag_sentiment_analysis' retrieved from /opt/airflow/dags/dag_sentiment_analysis.py
[2024-06-24T08:44:04.780+0000] {logging_mixin.py:188} INFO - [2024-06-24T08:44:04.780+0000] {dag.py:3047} INFO - Sync 1 DAGs
[2024-06-24T08:44:04.898+0000] {logging_mixin.py:188} INFO - [2024-06-24T08:44:04.897+0000] {dag.py:3834} INFO - Setting next_dagrun for dag_sentiment_analysis to 2024-06-23 00:00:00+00:00, run_after=2024-06-24 00:00:00+00:00
[2024-06-24T08:44:05.002+0000] {processor.py:183} INFO - Processing /opt/airflow/dags/dag_sentiment_analysis.py took 0.492 seconds
[2024-06-24T08:44:35.415+0000] {processor.py:161} INFO - Started process (PID=221) to work on /opt/airflow/dags/dag_sentiment_analysis.py
[2024-06-24T08:44:35.422+0000] {processor.py:830} INFO - Processing file /opt/airflow/dags/dag_sentiment_analysis.py for tasks to queue
[2024-06-24T08:44:35.431+0000] {logging_mixin.py:188} INFO - [2024-06-24T08:44:35.425+0000] {dagbag.py:540} INFO - Filling up the DagBag from /opt/airflow/dags/dag_sentiment_analysis.py
[2024-06-24T08:44:35.523+0000] {processor.py:840} INFO - DAG(s) 'dag_sentiment_analysis' retrieved from /opt/airflow/dags/dag_sentiment_analysis.py
[2024-06-24T08:44:35.594+0000] {logging_mixin.py:188} INFO - [2024-06-24T08:44:35.594+0000] {dag.py:3047} INFO - Sync 1 DAGs
[2024-06-24T08:44:35.655+0000] {logging_mixin.py:188} INFO - [2024-06-24T08:44:35.654+0000] {dag.py:3834} INFO - Setting next_dagrun for dag_sentiment_analysis to 2024-06-23 00:00:00+00:00, run_after=2024-06-24 00:00:00+00:00
[2024-06-24T08:44:35.718+0000] {processor.py:183} INFO - Processing /opt/airflow/dags/dag_sentiment_analysis.py took 0.336 seconds
[2024-06-24T08:45:06.126+0000] {processor.py:161} INFO - Started process (PID=226) to work on /opt/airflow/dags/dag_sentiment_analysis.py
[2024-06-24T08:45:06.130+0000] {processor.py:830} INFO - Processing file /opt/airflow/dags/dag_sentiment_analysis.py for tasks to queue
[2024-06-24T08:45:06.136+0000] {logging_mixin.py:188} INFO - [2024-06-24T08:45:06.134+0000] {dagbag.py:540} INFO - Filling up the DagBag from /opt/airflow/dags/dag_sentiment_analysis.py
[2024-06-24T08:45:06.251+0000] {processor.py:840} INFO - DAG(s) 'dag_sentiment_analysis' retrieved from /opt/airflow/dags/dag_sentiment_analysis.py
[2024-06-24T08:45:06.346+0000] {logging_mixin.py:188} INFO - [2024-06-24T08:45:06.345+0000] {dag.py:3047} INFO - Sync 1 DAGs
[2024-06-24T08:45:06.453+0000] {logging_mixin.py:188} INFO - [2024-06-24T08:45:06.452+0000] {dag.py:3834} INFO - Setting next_dagrun for dag_sentiment_analysis to 2024-06-23 00:00:00+00:00, run_after=2024-06-24 00:00:00+00:00
[2024-06-24T08:45:06.544+0000] {processor.py:183} INFO - Processing /opt/airflow/dags/dag_sentiment_analysis.py took 0.436 seconds
[2024-06-24T08:45:36.897+0000] {processor.py:161} INFO - Started process (PID=231) to work on /opt/airflow/dags/dag_sentiment_analysis.py
[2024-06-24T08:45:36.900+0000] {processor.py:830} INFO - Processing file /opt/airflow/dags/dag_sentiment_analysis.py for tasks to queue
[2024-06-24T08:45:36.903+0000] {logging_mixin.py:188} INFO - [2024-06-24T08:45:36.902+0000] {dagbag.py:540} INFO - Filling up the DagBag from /opt/airflow/dags/dag_sentiment_analysis.py
[2024-06-24T08:45:36.965+0000] {processor.py:840} INFO - DAG(s) 'dag_sentiment_analysis' retrieved from /opt/airflow/dags/dag_sentiment_analysis.py
[2024-06-24T08:45:37.023+0000] {logging_mixin.py:188} INFO - [2024-06-24T08:45:37.023+0000] {dag.py:3047} INFO - Sync 1 DAGs
[2024-06-24T08:45:37.073+0000] {logging_mixin.py:188} INFO - [2024-06-24T08:45:37.073+0000] {dag.py:3834} INFO - Setting next_dagrun for dag_sentiment_analysis to 2024-06-23 00:00:00+00:00, run_after=2024-06-24 00:00:00+00:00
[2024-06-24T08:45:37.259+0000] {processor.py:183} INFO - Processing /opt/airflow/dags/dag_sentiment_analysis.py took 0.376 seconds
[2024-06-24T08:46:07.460+0000] {processor.py:161} INFO - Started process (PID=236) to work on /opt/airflow/dags/dag_sentiment_analysis.py
[2024-06-24T08:46:07.463+0000] {processor.py:830} INFO - Processing file /opt/airflow/dags/dag_sentiment_analysis.py for tasks to queue
[2024-06-24T08:46:07.466+0000] {logging_mixin.py:188} INFO - [2024-06-24T08:46:07.465+0000] {dagbag.py:540} INFO - Filling up the DagBag from /opt/airflow/dags/dag_sentiment_analysis.py
[2024-06-24T08:46:07.552+0000] {processor.py:840} INFO - DAG(s) 'dag_sentiment_analysis' retrieved from /opt/airflow/dags/dag_sentiment_analysis.py
[2024-06-24T08:46:07.664+0000] {logging_mixin.py:188} INFO - [2024-06-24T08:46:07.664+0000] {dag.py:3047} INFO - Sync 1 DAGs
[2024-06-24T08:46:07.815+0000] {logging_mixin.py:188} INFO - [2024-06-24T08:46:07.815+0000] {dag.py:3834} INFO - Setting next_dagrun for dag_sentiment_analysis to 2024-06-23 00:00:00+00:00, run_after=2024-06-24 00:00:00+00:00
[2024-06-24T08:46:07.882+0000] {processor.py:183} INFO - Processing /opt/airflow/dags/dag_sentiment_analysis.py took 0.447 seconds
[2024-06-24T08:46:38.356+0000] {processor.py:161} INFO - Started process (PID=241) to work on /opt/airflow/dags/dag_sentiment_analysis.py
[2024-06-24T08:46:38.371+0000] {processor.py:830} INFO - Processing file /opt/airflow/dags/dag_sentiment_analysis.py for tasks to queue
[2024-06-24T08:46:38.377+0000] {logging_mixin.py:188} INFO - [2024-06-24T08:46:38.375+0000] {dagbag.py:540} INFO - Filling up the DagBag from /opt/airflow/dags/dag_sentiment_analysis.py
[2024-06-24T08:46:38.450+0000] {processor.py:840} INFO - DAG(s) 'dag_sentiment_analysis' retrieved from /opt/airflow/dags/dag_sentiment_analysis.py
[2024-06-24T08:46:38.532+0000] {logging_mixin.py:188} INFO - [2024-06-24T08:46:38.531+0000] {dag.py:3047} INFO - Sync 1 DAGs
[2024-06-24T08:46:38.611+0000] {logging_mixin.py:188} INFO - [2024-06-24T08:46:38.610+0000] {dag.py:3834} INFO - Setting next_dagrun for dag_sentiment_analysis to 2024-06-23 00:00:00+00:00, run_after=2024-06-24 00:00:00+00:00
[2024-06-24T08:46:38.674+0000] {processor.py:183} INFO - Processing /opt/airflow/dags/dag_sentiment_analysis.py took 0.333 seconds
[2024-06-24T08:47:09.095+0000] {processor.py:161} INFO - Started process (PID=246) to work on /opt/airflow/dags/dag_sentiment_analysis.py
[2024-06-24T08:47:09.102+0000] {processor.py:830} INFO - Processing file /opt/airflow/dags/dag_sentiment_analysis.py for tasks to queue
[2024-06-24T08:47:09.108+0000] {logging_mixin.py:188} INFO - [2024-06-24T08:47:09.107+0000] {dagbag.py:540} INFO - Filling up the DagBag from /opt/airflow/dags/dag_sentiment_analysis.py
[2024-06-24T08:47:09.209+0000] {processor.py:840} INFO - DAG(s) 'dag_sentiment_analysis' retrieved from /opt/airflow/dags/dag_sentiment_analysis.py
[2024-06-24T08:47:09.339+0000] {logging_mixin.py:188} INFO - [2024-06-24T08:47:09.338+0000] {dag.py:3047} INFO - Sync 1 DAGs
[2024-06-24T08:47:09.438+0000] {logging_mixin.py:188} INFO - [2024-06-24T08:47:09.437+0000] {dag.py:3834} INFO - Setting next_dagrun for dag_sentiment_analysis to 2024-06-23 00:00:00+00:00, run_after=2024-06-24 00:00:00+00:00
[2024-06-24T08:47:09.554+0000] {processor.py:183} INFO - Processing /opt/airflow/dags/dag_sentiment_analysis.py took 0.471 seconds
[2024-06-24T08:47:39.713+0000] {processor.py:161} INFO - Started process (PID=251) to work on /opt/airflow/dags/dag_sentiment_analysis.py
[2024-06-24T08:47:39.717+0000] {processor.py:830} INFO - Processing file /opt/airflow/dags/dag_sentiment_analysis.py for tasks to queue
[2024-06-24T08:47:39.721+0000] {logging_mixin.py:188} INFO - [2024-06-24T08:47:39.719+0000] {dagbag.py:540} INFO - Filling up the DagBag from /opt/airflow/dags/dag_sentiment_analysis.py
[2024-06-24T08:47:39.822+0000] {processor.py:840} INFO - DAG(s) 'dag_sentiment_analysis' retrieved from /opt/airflow/dags/dag_sentiment_analysis.py
[2024-06-24T08:47:39.943+0000] {logging_mixin.py:188} INFO - [2024-06-24T08:47:39.942+0000] {dag.py:3047} INFO - Sync 1 DAGs
[2024-06-24T08:47:40.005+0000] {logging_mixin.py:188} INFO - [2024-06-24T08:47:40.005+0000] {dag.py:3834} INFO - Setting next_dagrun for dag_sentiment_analysis to 2024-06-23 00:00:00+00:00, run_after=2024-06-24 00:00:00+00:00
[2024-06-24T08:47:40.221+0000] {processor.py:183} INFO - Processing /opt/airflow/dags/dag_sentiment_analysis.py took 0.515 seconds
[2024-06-24T08:48:10.862+0000] {processor.py:161} INFO - Started process (PID=256) to work on /opt/airflow/dags/dag_sentiment_analysis.py
[2024-06-24T08:48:10.866+0000] {processor.py:830} INFO - Processing file /opt/airflow/dags/dag_sentiment_analysis.py for tasks to queue
[2024-06-24T08:48:10.869+0000] {logging_mixin.py:188} INFO - [2024-06-24T08:48:10.868+0000] {dagbag.py:540} INFO - Filling up the DagBag from /opt/airflow/dags/dag_sentiment_analysis.py
[2024-06-24T08:48:10.982+0000] {processor.py:840} INFO - DAG(s) 'dag_sentiment_analysis' retrieved from /opt/airflow/dags/dag_sentiment_analysis.py
[2024-06-24T08:48:11.176+0000] {logging_mixin.py:188} INFO - [2024-06-24T08:48:11.175+0000] {dag.py:3047} INFO - Sync 1 DAGs
[2024-06-24T08:48:11.255+0000] {logging_mixin.py:188} INFO - [2024-06-24T08:48:11.255+0000] {dag.py:3834} INFO - Setting next_dagrun for dag_sentiment_analysis to 2024-06-23 00:00:00+00:00, run_after=2024-06-24 00:00:00+00:00
[2024-06-24T08:48:11.310+0000] {processor.py:183} INFO - Processing /opt/airflow/dags/dag_sentiment_analysis.py took 0.459 seconds
[2024-06-24T08:48:41.620+0000] {processor.py:161} INFO - Started process (PID=261) to work on /opt/airflow/dags/dag_sentiment_analysis.py
[2024-06-24T08:48:41.623+0000] {processor.py:830} INFO - Processing file /opt/airflow/dags/dag_sentiment_analysis.py for tasks to queue
[2024-06-24T08:48:41.626+0000] {logging_mixin.py:188} INFO - [2024-06-24T08:48:41.625+0000] {dagbag.py:540} INFO - Filling up the DagBag from /opt/airflow/dags/dag_sentiment_analysis.py
[2024-06-24T08:48:41.700+0000] {processor.py:840} INFO - DAG(s) 'dag_sentiment_analysis' retrieved from /opt/airflow/dags/dag_sentiment_analysis.py
[2024-06-24T08:48:41.894+0000] {logging_mixin.py:188} INFO - [2024-06-24T08:48:41.892+0000] {dag.py:3047} INFO - Sync 1 DAGs
[2024-06-24T08:48:42.207+0000] {logging_mixin.py:188} INFO - [2024-06-24T08:48:42.206+0000] {dag.py:3834} INFO - Setting next_dagrun for dag_sentiment_analysis to 2024-06-23 00:00:00+00:00, run_after=2024-06-24 00:00:00+00:00
[2024-06-24T08:48:42.346+0000] {processor.py:183} INFO - Processing /opt/airflow/dags/dag_sentiment_analysis.py took 0.735 seconds
[2024-06-24T08:49:12.734+0000] {processor.py:161} INFO - Started process (PID=266) to work on /opt/airflow/dags/dag_sentiment_analysis.py
[2024-06-24T08:49:12.746+0000] {processor.py:830} INFO - Processing file /opt/airflow/dags/dag_sentiment_analysis.py for tasks to queue
[2024-06-24T08:49:12.753+0000] {logging_mixin.py:188} INFO - [2024-06-24T08:49:12.751+0000] {dagbag.py:540} INFO - Filling up the DagBag from /opt/airflow/dags/dag_sentiment_analysis.py
[2024-06-24T08:49:12.829+0000] {processor.py:840} INFO - DAG(s) 'dag_sentiment_analysis' retrieved from /opt/airflow/dags/dag_sentiment_analysis.py
[2024-06-24T08:49:12.962+0000] {logging_mixin.py:188} INFO - [2024-06-24T08:49:12.961+0000] {dag.py:3047} INFO - Sync 1 DAGs
[2024-06-24T08:49:13.077+0000] {logging_mixin.py:188} INFO - [2024-06-24T08:49:13.077+0000] {dag.py:3834} INFO - Setting next_dagrun for dag_sentiment_analysis to 2024-06-23 00:00:00+00:00, run_after=2024-06-24 00:00:00+00:00
[2024-06-24T08:49:13.162+0000] {processor.py:183} INFO - Processing /opt/airflow/dags/dag_sentiment_analysis.py took 0.461 seconds
[2024-06-24T08:49:43.463+0000] {processor.py:161} INFO - Started process (PID=271) to work on /opt/airflow/dags/dag_sentiment_analysis.py
[2024-06-24T08:49:43.467+0000] {processor.py:830} INFO - Processing file /opt/airflow/dags/dag_sentiment_analysis.py for tasks to queue
[2024-06-24T08:49:43.469+0000] {logging_mixin.py:188} INFO - [2024-06-24T08:49:43.468+0000] {dagbag.py:540} INFO - Filling up the DagBag from /opt/airflow/dags/dag_sentiment_analysis.py
[2024-06-24T08:49:43.515+0000] {processor.py:840} INFO - DAG(s) 'dag_sentiment_analysis' retrieved from /opt/airflow/dags/dag_sentiment_analysis.py
[2024-06-24T08:49:43.584+0000] {logging_mixin.py:188} INFO - [2024-06-24T08:49:43.584+0000] {dag.py:3047} INFO - Sync 1 DAGs
[2024-06-24T08:49:43.647+0000] {logging_mixin.py:188} INFO - [2024-06-24T08:49:43.646+0000] {dag.py:3834} INFO - Setting next_dagrun for dag_sentiment_analysis to 2024-06-23 00:00:00+00:00, run_after=2024-06-24 00:00:00+00:00
[2024-06-24T08:49:43.689+0000] {processor.py:183} INFO - Processing /opt/airflow/dags/dag_sentiment_analysis.py took 0.238 seconds
[2024-06-24T08:50:14.231+0000] {processor.py:161} INFO - Started process (PID=276) to work on /opt/airflow/dags/dag_sentiment_analysis.py
[2024-06-24T08:50:14.236+0000] {processor.py:830} INFO - Processing file /opt/airflow/dags/dag_sentiment_analysis.py for tasks to queue
[2024-06-24T08:50:14.240+0000] {logging_mixin.py:188} INFO - [2024-06-24T08:50:14.239+0000] {dagbag.py:540} INFO - Filling up the DagBag from /opt/airflow/dags/dag_sentiment_analysis.py
[2024-06-24T08:50:14.340+0000] {processor.py:840} INFO - DAG(s) 'dag_sentiment_analysis' retrieved from /opt/airflow/dags/dag_sentiment_analysis.py
[2024-06-24T08:50:14.475+0000] {logging_mixin.py:188} INFO - [2024-06-24T08:50:14.474+0000] {dag.py:3047} INFO - Sync 1 DAGs
[2024-06-24T08:50:14.556+0000] {logging_mixin.py:188} INFO - [2024-06-24T08:50:14.556+0000] {dag.py:3834} INFO - Setting next_dagrun for dag_sentiment_analysis to 2024-06-23 00:00:00+00:00, run_after=2024-06-24 00:00:00+00:00
[2024-06-24T08:50:14.627+0000] {processor.py:183} INFO - Processing /opt/airflow/dags/dag_sentiment_analysis.py took 0.409 seconds
[2024-06-24T08:50:47.513+0000] {processor.py:161} INFO - Started process (PID=281) to work on /opt/airflow/dags/dag_sentiment_analysis.py
[2024-06-24T08:50:47.525+0000] {processor.py:830} INFO - Processing file /opt/airflow/dags/dag_sentiment_analysis.py for tasks to queue
[2024-06-24T08:50:47.534+0000] {logging_mixin.py:188} INFO - [2024-06-24T08:50:47.533+0000] {dagbag.py:540} INFO - Filling up the DagBag from /opt/airflow/dags/dag_sentiment_analysis.py
[2024-06-24T08:50:48.132+0000] {processor.py:840} INFO - DAG(s) 'dag_sentiment_analysis' retrieved from /opt/airflow/dags/dag_sentiment_analysis.py
[2024-06-24T08:50:48.596+0000] {logging_mixin.py:188} INFO - [2024-06-24T08:50:48.595+0000] {dag.py:3047} INFO - Sync 1 DAGs
[2024-06-24T08:50:48.792+0000] {logging_mixin.py:188} INFO - [2024-06-24T08:50:48.791+0000] {dag.py:3834} INFO - Setting next_dagrun for dag_sentiment_analysis to 2024-06-23 00:00:00+00:00, run_after=2024-06-24 00:00:00+00:00
[2024-06-24T08:50:48.898+0000] {processor.py:183} INFO - Processing /opt/airflow/dags/dag_sentiment_analysis.py took 1.397 seconds
[2024-06-24T08:51:19.731+0000] {processor.py:161} INFO - Started process (PID=286) to work on /opt/airflow/dags/dag_sentiment_analysis.py
[2024-06-24T08:51:19.733+0000] {processor.py:830} INFO - Processing file /opt/airflow/dags/dag_sentiment_analysis.py for tasks to queue
[2024-06-24T08:51:19.735+0000] {logging_mixin.py:188} INFO - [2024-06-24T08:51:19.734+0000] {dagbag.py:540} INFO - Filling up the DagBag from /opt/airflow/dags/dag_sentiment_analysis.py
[2024-06-24T08:51:19.782+0000] {processor.py:840} INFO - DAG(s) 'dag_sentiment_analysis' retrieved from /opt/airflow/dags/dag_sentiment_analysis.py
[2024-06-24T08:51:19.831+0000] {logging_mixin.py:188} INFO - [2024-06-24T08:51:19.830+0000] {dag.py:3047} INFO - Sync 1 DAGs
[2024-06-24T08:51:19.873+0000] {logging_mixin.py:188} INFO - [2024-06-24T08:51:19.873+0000] {dag.py:3834} INFO - Setting next_dagrun for dag_sentiment_analysis to 2024-06-23 00:00:00+00:00, run_after=2024-06-24 00:00:00+00:00
[2024-06-24T08:51:19.911+0000] {processor.py:183} INFO - Processing /opt/airflow/dags/dag_sentiment_analysis.py took 0.186 seconds
[2024-06-24T08:51:50.171+0000] {processor.py:161} INFO - Started process (PID=291) to work on /opt/airflow/dags/dag_sentiment_analysis.py
[2024-06-24T08:51:50.173+0000] {processor.py:830} INFO - Processing file /opt/airflow/dags/dag_sentiment_analysis.py for tasks to queue
[2024-06-24T08:51:50.176+0000] {logging_mixin.py:188} INFO - [2024-06-24T08:51:50.175+0000] {dagbag.py:540} INFO - Filling up the DagBag from /opt/airflow/dags/dag_sentiment_analysis.py
[2024-06-24T08:51:50.216+0000] {processor.py:840} INFO - DAG(s) 'dag_sentiment_analysis' retrieved from /opt/airflow/dags/dag_sentiment_analysis.py
[2024-06-24T08:51:50.284+0000] {logging_mixin.py:188} INFO - [2024-06-24T08:51:50.283+0000] {dag.py:3047} INFO - Sync 1 DAGs
[2024-06-24T08:51:50.327+0000] {logging_mixin.py:188} INFO - [2024-06-24T08:51:50.327+0000] {dag.py:3834} INFO - Setting next_dagrun for dag_sentiment_analysis to 2024-06-23 00:00:00+00:00, run_after=2024-06-24 00:00:00+00:00
[2024-06-24T08:51:50.371+0000] {processor.py:183} INFO - Processing /opt/airflow/dags/dag_sentiment_analysis.py took 0.211 seconds
[2024-06-24T08:52:20.584+0000] {processor.py:161} INFO - Started process (PID=296) to work on /opt/airflow/dags/dag_sentiment_analysis.py
[2024-06-24T08:52:20.586+0000] {processor.py:830} INFO - Processing file /opt/airflow/dags/dag_sentiment_analysis.py for tasks to queue
[2024-06-24T08:52:20.590+0000] {logging_mixin.py:188} INFO - [2024-06-24T08:52:20.589+0000] {dagbag.py:540} INFO - Filling up the DagBag from /opt/airflow/dags/dag_sentiment_analysis.py
[2024-06-24T08:52:20.635+0000] {processor.py:840} INFO - DAG(s) 'dag_sentiment_analysis' retrieved from /opt/airflow/dags/dag_sentiment_analysis.py
[2024-06-24T08:52:20.688+0000] {logging_mixin.py:188} INFO - [2024-06-24T08:52:20.687+0000] {dag.py:3047} INFO - Sync 1 DAGs
[2024-06-24T08:52:20.741+0000] {logging_mixin.py:188} INFO - [2024-06-24T08:52:20.741+0000] {dag.py:3834} INFO - Setting next_dagrun for dag_sentiment_analysis to 2024-06-23 00:00:00+00:00, run_after=2024-06-24 00:00:00+00:00
[2024-06-24T08:52:20.793+0000] {processor.py:183} INFO - Processing /opt/airflow/dags/dag_sentiment_analysis.py took 0.216 seconds
[2024-06-24T08:52:51.185+0000] {processor.py:161} INFO - Started process (PID=301) to work on /opt/airflow/dags/dag_sentiment_analysis.py
[2024-06-24T08:52:51.187+0000] {processor.py:830} INFO - Processing file /opt/airflow/dags/dag_sentiment_analysis.py for tasks to queue
[2024-06-24T08:52:51.191+0000] {logging_mixin.py:188} INFO - [2024-06-24T08:52:51.189+0000] {dagbag.py:540} INFO - Filling up the DagBag from /opt/airflow/dags/dag_sentiment_analysis.py
[2024-06-24T08:52:51.235+0000] {processor.py:840} INFO - DAG(s) 'dag_sentiment_analysis' retrieved from /opt/airflow/dags/dag_sentiment_analysis.py
[2024-06-24T08:52:51.297+0000] {logging_mixin.py:188} INFO - [2024-06-24T08:52:51.296+0000] {dag.py:3047} INFO - Sync 1 DAGs
[2024-06-24T08:52:51.385+0000] {logging_mixin.py:188} INFO - [2024-06-24T08:52:51.385+0000] {dag.py:3834} INFO - Setting next_dagrun for dag_sentiment_analysis to 2024-06-23 00:00:00+00:00, run_after=2024-06-24 00:00:00+00:00
[2024-06-24T08:52:51.456+0000] {processor.py:183} INFO - Processing /opt/airflow/dags/dag_sentiment_analysis.py took 0.277 seconds
[2024-06-24T08:53:21.617+0000] {processor.py:161} INFO - Started process (PID=306) to work on /opt/airflow/dags/dag_sentiment_analysis.py
[2024-06-24T08:53:21.619+0000] {processor.py:830} INFO - Processing file /opt/airflow/dags/dag_sentiment_analysis.py for tasks to queue
[2024-06-24T08:53:21.622+0000] {logging_mixin.py:188} INFO - [2024-06-24T08:53:21.621+0000] {dagbag.py:540} INFO - Filling up the DagBag from /opt/airflow/dags/dag_sentiment_analysis.py
[2024-06-24T08:53:21.692+0000] {processor.py:840} INFO - DAG(s) 'dag_sentiment_analysis' retrieved from /opt/airflow/dags/dag_sentiment_analysis.py
[2024-06-24T08:53:21.792+0000] {logging_mixin.py:188} INFO - [2024-06-24T08:53:21.792+0000] {dag.py:3047} INFO - Sync 1 DAGs
[2024-06-24T08:53:21.870+0000] {logging_mixin.py:188} INFO - [2024-06-24T08:53:21.869+0000] {dag.py:3834} INFO - Setting next_dagrun for dag_sentiment_analysis to 2024-06-23 00:00:00+00:00, run_after=2024-06-24 00:00:00+00:00
[2024-06-24T08:53:21.960+0000] {processor.py:183} INFO - Processing /opt/airflow/dags/dag_sentiment_analysis.py took 0.351 seconds
[2024-06-24T08:53:52.513+0000] {processor.py:161} INFO - Started process (PID=311) to work on /opt/airflow/dags/dag_sentiment_analysis.py
[2024-06-24T08:53:52.521+0000] {processor.py:830} INFO - Processing file /opt/airflow/dags/dag_sentiment_analysis.py for tasks to queue
[2024-06-24T08:53:52.523+0000] {logging_mixin.py:188} INFO - [2024-06-24T08:53:52.522+0000] {dagbag.py:540} INFO - Filling up the DagBag from /opt/airflow/dags/dag_sentiment_analysis.py
[2024-06-24T08:53:52.569+0000] {processor.py:840} INFO - DAG(s) 'dag_sentiment_analysis' retrieved from /opt/airflow/dags/dag_sentiment_analysis.py
[2024-06-24T08:53:52.615+0000] {logging_mixin.py:188} INFO - [2024-06-24T08:53:52.614+0000] {dag.py:3047} INFO - Sync 1 DAGs
[2024-06-24T08:53:52.660+0000] {logging_mixin.py:188} INFO - [2024-06-24T08:53:52.660+0000] {dag.py:3834} INFO - Setting next_dagrun for dag_sentiment_analysis to 2024-06-23 00:00:00+00:00, run_after=2024-06-24 00:00:00+00:00
[2024-06-24T08:53:52.747+0000] {processor.py:183} INFO - Processing /opt/airflow/dags/dag_sentiment_analysis.py took 0.240 seconds
[2024-06-24T08:54:23.140+0000] {processor.py:161} INFO - Started process (PID=316) to work on /opt/airflow/dags/dag_sentiment_analysis.py
[2024-06-24T08:54:23.142+0000] {processor.py:830} INFO - Processing file /opt/airflow/dags/dag_sentiment_analysis.py for tasks to queue
[2024-06-24T08:54:23.146+0000] {logging_mixin.py:188} INFO - [2024-06-24T08:54:23.145+0000] {dagbag.py:540} INFO - Filling up the DagBag from /opt/airflow/dags/dag_sentiment_analysis.py
[2024-06-24T08:54:23.190+0000] {processor.py:840} INFO - DAG(s) 'dag_sentiment_analysis' retrieved from /opt/airflow/dags/dag_sentiment_analysis.py
[2024-06-24T08:54:23.254+0000] {logging_mixin.py:188} INFO - [2024-06-24T08:54:23.254+0000] {dag.py:3047} INFO - Sync 1 DAGs
[2024-06-24T08:54:23.309+0000] {logging_mixin.py:188} INFO - [2024-06-24T08:54:23.309+0000] {dag.py:3834} INFO - Setting next_dagrun for dag_sentiment_analysis to 2024-06-23 00:00:00+00:00, run_after=2024-06-24 00:00:00+00:00
[2024-06-24T08:54:23.350+0000] {processor.py:183} INFO - Processing /opt/airflow/dags/dag_sentiment_analysis.py took 0.219 seconds
[2024-06-24T08:54:53.775+0000] {processor.py:161} INFO - Started process (PID=321) to work on /opt/airflow/dags/dag_sentiment_analysis.py
[2024-06-24T08:54:53.778+0000] {processor.py:830} INFO - Processing file /opt/airflow/dags/dag_sentiment_analysis.py for tasks to queue
[2024-06-24T08:54:53.780+0000] {logging_mixin.py:188} INFO - [2024-06-24T08:54:53.779+0000] {dagbag.py:540} INFO - Filling up the DagBag from /opt/airflow/dags/dag_sentiment_analysis.py
[2024-06-24T08:54:53.843+0000] {processor.py:840} INFO - DAG(s) 'dag_sentiment_analysis' retrieved from /opt/airflow/dags/dag_sentiment_analysis.py
[2024-06-24T08:54:53.894+0000] {logging_mixin.py:188} INFO - [2024-06-24T08:54:53.894+0000] {dag.py:3047} INFO - Sync 1 DAGs
[2024-06-24T08:54:53.953+0000] {logging_mixin.py:188} INFO - [2024-06-24T08:54:53.952+0000] {dag.py:3834} INFO - Setting next_dagrun for dag_sentiment_analysis to 2024-06-23 00:00:00+00:00, run_after=2024-06-24 00:00:00+00:00
[2024-06-24T08:54:54.009+0000] {processor.py:183} INFO - Processing /opt/airflow/dags/dag_sentiment_analysis.py took 0.240 seconds
[2024-06-24T08:55:24.121+0000] {processor.py:161} INFO - Started process (PID=326) to work on /opt/airflow/dags/dag_sentiment_analysis.py
[2024-06-24T08:55:24.123+0000] {processor.py:830} INFO - Processing file /opt/airflow/dags/dag_sentiment_analysis.py for tasks to queue
[2024-06-24T08:55:24.127+0000] {logging_mixin.py:188} INFO - [2024-06-24T08:55:24.126+0000] {dagbag.py:540} INFO - Filling up the DagBag from /opt/airflow/dags/dag_sentiment_analysis.py
[2024-06-24T08:55:24.321+0000] {processor.py:840} INFO - DAG(s) 'dag_sentiment_analysis' retrieved from /opt/airflow/dags/dag_sentiment_analysis.py
[2024-06-24T08:55:24.573+0000] {logging_mixin.py:188} INFO - [2024-06-24T08:55:24.572+0000] {dag.py:3047} INFO - Sync 1 DAGs
[2024-06-24T08:55:24.851+0000] {logging_mixin.py:188} INFO - [2024-06-24T08:55:24.850+0000] {dag.py:3834} INFO - Setting next_dagrun for dag_sentiment_analysis to 2024-06-23 00:00:00+00:00, run_after=2024-06-24 00:00:00+00:00
[2024-06-24T08:55:24.916+0000] {processor.py:183} INFO - Processing /opt/airflow/dags/dag_sentiment_analysis.py took 0.804 seconds
[2024-06-24T08:55:55.505+0000] {processor.py:161} INFO - Started process (PID=331) to work on /opt/airflow/dags/dag_sentiment_analysis.py
[2024-06-24T08:55:55.507+0000] {processor.py:830} INFO - Processing file /opt/airflow/dags/dag_sentiment_analysis.py for tasks to queue
[2024-06-24T08:55:55.509+0000] {logging_mixin.py:188} INFO - [2024-06-24T08:55:55.508+0000] {dagbag.py:540} INFO - Filling up the DagBag from /opt/airflow/dags/dag_sentiment_analysis.py
[2024-06-24T08:55:55.557+0000] {processor.py:840} INFO - DAG(s) 'dag_sentiment_analysis' retrieved from /opt/airflow/dags/dag_sentiment_analysis.py
[2024-06-24T08:55:55.616+0000] {logging_mixin.py:188} INFO - [2024-06-24T08:55:55.615+0000] {dag.py:3047} INFO - Sync 1 DAGs
[2024-06-24T08:55:55.708+0000] {logging_mixin.py:188} INFO - [2024-06-24T08:55:55.707+0000] {dag.py:3834} INFO - Setting next_dagrun for dag_sentiment_analysis to 2024-06-23 00:00:00+00:00, run_after=2024-06-24 00:00:00+00:00
[2024-06-24T08:55:55.779+0000] {processor.py:183} INFO - Processing /opt/airflow/dags/dag_sentiment_analysis.py took 0.291 seconds
[2024-06-24T08:56:26.193+0000] {processor.py:161} INFO - Started process (PID=336) to work on /opt/airflow/dags/dag_sentiment_analysis.py
[2024-06-24T08:56:26.195+0000] {processor.py:830} INFO - Processing file /opt/airflow/dags/dag_sentiment_analysis.py for tasks to queue
[2024-06-24T08:56:26.198+0000] {logging_mixin.py:188} INFO - [2024-06-24T08:56:26.197+0000] {dagbag.py:540} INFO - Filling up the DagBag from /opt/airflow/dags/dag_sentiment_analysis.py
[2024-06-24T08:56:26.245+0000] {processor.py:840} INFO - DAG(s) 'dag_sentiment_analysis' retrieved from /opt/airflow/dags/dag_sentiment_analysis.py
[2024-06-24T08:56:26.312+0000] {logging_mixin.py:188} INFO - [2024-06-24T08:56:26.312+0000] {dag.py:3047} INFO - Sync 1 DAGs
[2024-06-24T08:56:26.376+0000] {logging_mixin.py:188} INFO - [2024-06-24T08:56:26.375+0000] {dag.py:3834} INFO - Setting next_dagrun for dag_sentiment_analysis to 2024-06-23 00:00:00+00:00, run_after=2024-06-24 00:00:00+00:00
[2024-06-24T08:56:26.422+0000] {processor.py:183} INFO - Processing /opt/airflow/dags/dag_sentiment_analysis.py took 0.239 seconds
